[13:26:51:614]|[ERROR]|com.alibaba.druid.filter.logging.Log4j2Filter|statementLogError|{conn-5110005, pstmt-5120012} execute error. update t_apply_order set complain=?, order_cut=?, order_statu=?, pk_id=?, user_id=? where order_id=?
java.sql.SQLException: Incorrect integer value: '订单确认中' for column 'order_statu' at row 1
	at com.mysql.cj.jdbc.exceptions.SQLError.createSQLException(SQLError.java:127) ~[mysql-connector-java-8.0.11.jar:8.0.11]
	at com.mysql.cj.jdbc.exceptions.SQLError.createSQLException(SQLError.java:95) ~[mysql-connector-java-8.0.11.jar:8.0.11]
	at com.mysql.cj.jdbc.exceptions.SQLExceptionsMapping.translateException(SQLExceptionsMapping.java:122) ~[mysql-connector-java-8.0.11.jar:8.0.11]
	at com.mysql.cj.jdbc.ClientPreparedStatement.executeInternal(ClientPreparedStatement.java:960) ~[mysql-connector-java-8.0.11.jar:8.0.11]
	at com.mysql.cj.jdbc.ClientPreparedStatement.executeUpdateInternal(ClientPreparedStatement.java:1116) ~[mysql-connector-java-8.0.11.jar:8.0.11]
	at com.mysql.cj.jdbc.ClientPreparedStatement.executeUpdateInternal(ClientPreparedStatement.java:1066) ~[mysql-connector-java-8.0.11.jar:8.0.11]
	at com.mysql.cj.jdbc.ClientPreparedStatement.executeLargeUpdate(ClientPreparedStatement.java:1396) ~[mysql-connector-java-8.0.11.jar:8.0.11]
	at com.mysql.cj.jdbc.ClientPreparedStatement.executeUpdate(ClientPreparedStatement.java:1051) ~[mysql-connector-java-8.0.11.jar:8.0.11]
	at com.alibaba.druid.filter.FilterChainImpl.preparedStatement_executeUpdate(FilterChainImpl.java:3253) ~[druid-1.1.21.jar:1.1.21]
	at com.alibaba.druid.filter.FilterAdapter.preparedStatement_executeUpdate(FilterAdapter.java:1092) ~[druid-1.1.21.jar:1.1.21]
	at com.alibaba.druid.filter.FilterEventAdapter.preparedStatement_executeUpdate(FilterEventAdapter.java:491) ~[druid-1.1.21.jar:1.1.21]
	at com.alibaba.druid.filter.FilterChainImpl.preparedStatement_executeUpdate(FilterChainImpl.java:3251) ~[druid-1.1.21.jar:1.1.21]
	at com.alibaba.druid.wall.WallFilter.preparedStatement_executeUpdate(WallFilter.java:662) ~[druid-1.1.21.jar:1.1.21]
	at com.alibaba.druid.filter.FilterChainImpl.preparedStatement_executeUpdate(FilterChainImpl.java:3251) ~[druid-1.1.21.jar:1.1.21]
	at com.alibaba.druid.filter.FilterAdapter.preparedStatement_executeUpdate(FilterAdapter.java:1092) ~[druid-1.1.21.jar:1.1.21]
	at com.alibaba.druid.filter.FilterEventAdapter.preparedStatement_executeUpdate(FilterEventAdapter.java:491) ~[druid-1.1.21.jar:1.1.21]
	at com.alibaba.druid.filter.FilterChainImpl.preparedStatement_executeUpdate(FilterChainImpl.java:3251) ~[druid-1.1.21.jar:1.1.21]
	at com.alibaba.druid.proxy.jdbc.PreparedStatementProxyImpl.executeUpdate(PreparedStatementProxyImpl.java:194) ~[druid-1.1.21.jar:1.1.21]
	at com.alibaba.druid.pool.DruidPooledPreparedStatement.executeUpdate(DruidPooledPreparedStatement.java:255) ~[druid-1.1.21.jar:1.1.21]
	at org.hibernate.engine.jdbc.internal.ResultSetReturnImpl.executeUpdate(ResultSetReturnImpl.java:175) ~[hibernate-core-5.2.17.Final.jar:5.2.17.Final]
	at org.hibernate.persister.entity.AbstractEntityPersister.update(AbstractEntityPersister.java:3217) ~[hibernate-core-5.2.17.Final.jar:5.2.17.Final]
	at org.hibernate.persister.entity.AbstractEntityPersister.updateOrInsert(AbstractEntityPersister.java:3090) ~[hibernate-core-5.2.17.Final.jar:5.2.17.Final]
	at org.hibernate.persister.entity.AbstractEntityPersister.update(AbstractEntityPersister.java:3491) ~[hibernate-core-5.2.17.Final.jar:5.2.17.Final]
	at org.hibernate.action.internal.EntityUpdateAction.execute(EntityUpdateAction.java:145) ~[hibernate-core-5.2.17.Final.jar:5.2.17.Final]
	at org.hibernate.engine.spi.ActionQueue.executeActions(ActionQueue.java:600) ~[hibernate-core-5.2.17.Final.jar:5.2.17.Final]
	at org.hibernate.engine.spi.ActionQueue.executeActions(ActionQueue.java:474) ~[hibernate-core-5.2.17.Final.jar:5.2.17.Final]
	at org.hibernate.event.internal.AbstractFlushingEventListener.performExecutions(AbstractFlushingEventListener.java:337) ~[hibernate-core-5.2.17.Final.jar:5.2.17.Final]
	at org.hibernate.event.internal.DefaultAutoFlushEventListener.onAutoFlush(DefaultAutoFlushEventListener.java:50) ~[hibernate-core-5.2.17.Final.jar:5.2.17.Final]
	at org.hibernate.internal.SessionImpl.autoFlushIfRequired(SessionImpl.java:1398) ~[hibernate-core-5.2.17.Final.jar:5.2.17.Final]
	at org.hibernate.internal.SessionImpl.list(SessionImpl.java:1483) ~[hibernate-core-5.2.17.Final.jar:5.2.17.Final]
	at org.hibernate.query.internal.AbstractProducedQuery.doList(AbstractProducedQuery.java:1445) ~[hibernate-core-5.2.17.Final.jar:5.2.17.Final]
	at org.hibernate.query.internal.AbstractProducedQuery.list(AbstractProducedQuery.java:1414) ~[hibernate-core-5.2.17.Final.jar:5.2.17.Final]
	at org.hibernate.query.Query.getResultList(Query.java:146) ~[hibernate-core-5.2.17.Final.jar:5.2.17.Final]
	at com.union.app.dao.spi.AppDaoService.querySingleEntity(AppDaoService.java:55) ~[classes/:?]
	at com.union.app.service.pk.service.UserInfoService.获取ApplyOrderEntity(UserInfoService.java:161) ~[classes/:?]
	at com.union.app.service.pk.service.UserInfoService.查询审核订单(UserInfoService.java:178) ~[classes/:?]
	at com.union.app.api.share.榜主审核.orderConfirm(榜主审核.java:93) ~[classes/:?]
	at com.union.app.api.share.榜主审核$$FastClassBySpringCGLIB$$e86b5ad2.invoke(<generated>) ~[classes/:?]
	at org.springframework.cglib.proxy.MethodProxy.invoke(MethodProxy.java:204) ~[spring-core-5.0.10.RELEASE.jar:5.0.10.RELEASE]
	at org.springframework.aop.framework.CglibAopProxy$CglibMethodInvocation.invokeJoinpoint(CglibAopProxy.java:746) ~[spring-aop-5.0.10.RELEASE.jar:5.0.10.RELEASE]
	at org.springframework.aop.framework.ReflectiveMethodInvocation.proceed(ReflectiveMethodInvocation.java:163) ~[spring-aop-5.0.10.RELEASE.jar:5.0.10.RELEASE]
	at org.springframework.transaction.interceptor.TransactionAspectSupport.invokeWithinTransaction(TransactionAspectSupport.java:294) [spring-tx-5.0.10.RELEASE.jar:5.0.10.RELEASE]
	at org.springframework.transaction.interceptor.TransactionInterceptor.invoke(TransactionInterceptor.java:98) [spring-tx-5.0.10.RELEASE.jar:5.0.10.RELEASE]
	at org.springframework.aop.framework.ReflectiveMethodInvocation.proceed(ReflectiveMethodInvocation.java:185) [spring-aop-5.0.10.RELEASE.jar:5.0.10.RELEASE]
	at org.springframework.aop.framework.CglibAopProxy$DynamicAdvisedInterceptor.intercept(CglibAopProxy.java:688) [spring-aop-5.0.10.RELEASE.jar:5.0.10.RELEASE]
	at com.union.app.api.share.榜主审核$$EnhancerBySpringCGLIB$$27187309.orderConfirm(<generated>) [classes/:?]
	at sun.reflect.NativeMethodAccessorImpl.invoke0(Native Method) ~[?:1.8.0_161]
	at sun.reflect.NativeMethodAccessorImpl.invoke(NativeMethodAccessorImpl.java:62) ~[?:1.8.0_161]
	at sun.reflect.DelegatingMethodAccessorImpl.invoke(DelegatingMethodAccessorImpl.java:43) ~[?:1.8.0_161]
	at java.lang.reflect.Method.invoke(Method.java:498) ~[?:1.8.0_161]
	at org.springframework.web.method.support.InvocableHandlerMethod.doInvoke(InvocableHandlerMethod.java:209) [spring-web-5.0.10.RELEASE.jar:5.0.10.RELEASE]
	at org.springframework.web.method.support.InvocableHandlerMethod.invokeForRequest(InvocableHandlerMethod.java:136) [spring-web-5.0.10.RELEASE.jar:5.0.10.RELEASE]
	at org.springframework.web.servlet.mvc.method.annotation.ServletInvocableHandlerMethod.invokeAndHandle(ServletInvocableHandlerMethod.java:102) [spring-webmvc-5.0.10.RELEASE.jar:5.0.10.RELEASE]
	at org.springframework.web.servlet.mvc.method.annotation.RequestMappingHandlerAdapter.invokeHandlerMethod(RequestMappingHandlerAdapter.java:891) [spring-webmvc-5.0.10.RELEASE.jar:5.0.10.RELEASE]
	at org.springframework.web.servlet.mvc.method.annotation.RequestMappingHandlerAdapter.handleInternal(RequestMappingHandlerAdapter.java:797) [spring-webmvc-5.0.10.RELEASE.jar:5.0.10.RELEASE]
	at org.springframework.web.servlet.mvc.method.AbstractHandlerMethodAdapter.handle(AbstractHandlerMethodAdapter.java:87) [spring-webmvc-5.0.10.RELEASE.jar:5.0.10.RELEASE]
	at org.springframework.web.servlet.DispatcherServlet.doDispatch(DispatcherServlet.java:991) [spring-webmvc-5.0.10.RELEASE.jar:5.0.10.RELEASE]
	at org.springframework.web.servlet.DispatcherServlet.doService(DispatcherServlet.java:925) [spring-webmvc-5.0.10.RELEASE.jar:5.0.10.RELEASE]
	at org.springframework.web.servlet.FrameworkServlet.processRequest(FrameworkServlet.java:974) [spring-webmvc-5.0.10.RELEASE.jar:5.0.10.RELEASE]
	at org.springframework.web.servlet.FrameworkServlet.doGet(FrameworkServlet.java:866) [spring-webmvc-5.0.10.RELEASE.jar:5.0.10.RELEASE]
	at javax.servlet.http.HttpServlet.service(HttpServlet.java:635) [tomcat-embed-core-8.5.34.jar:8.5.34]
	at org.springframework.web.servlet.FrameworkServlet.service(FrameworkServlet.java:851) [spring-webmvc-5.0.10.RELEASE.jar:5.0.10.RELEASE]
	at javax.servlet.http.HttpServlet.service(HttpServlet.java:742) [tomcat-embed-core-8.5.34.jar:8.5.34]
	at org.apache.catalina.core.ApplicationFilterChain.internalDoFilter(ApplicationFilterChain.java:231) [tomcat-embed-core-8.5.34.jar:8.5.34]
	at org.apache.catalina.core.ApplicationFilterChain.doFilter(ApplicationFilterChain.java:166) [tomcat-embed-core-8.5.34.jar:8.5.34]
	at org.apache.tomcat.websocket.server.WsFilter.doFilter(WsFilter.java:52) [tomcat-embed-websocket-8.5.34.jar:8.5.34]
	at org.apache.catalina.core.ApplicationFilterChain.internalDoFilter(ApplicationFilterChain.java:193) [tomcat-embed-core-8.5.34.jar:8.5.34]
	at org.apache.catalina.core.ApplicationFilterChain.doFilter(ApplicationFilterChain.java:166) [tomcat-embed-core-8.5.34.jar:8.5.34]
	at com.alibaba.druid.support.http.WebStatFilter.doFilter(WebStatFilter.java:124) [druid-1.1.21.jar:1.1.21]
	at org.apache.catalina.core.ApplicationFilterChain.internalDoFilter(ApplicationFilterChain.java:193) [tomcat-embed-core-8.5.34.jar:8.5.34]
	at org.apache.catalina.core.ApplicationFilterChain.doFilter(ApplicationFilterChain.java:166) [tomcat-embed-core-8.5.34.jar:8.5.34]
	at org.springframework.web.filter.RequestContextFilter.doFilterInternal(RequestContextFilter.java:99) [spring-web-5.0.10.RELEASE.jar:5.0.10.RELEASE]
	at org.springframework.web.filter.OncePerRequestFilter.doFilter(OncePerRequestFilter.java:107) [spring-web-5.0.10.RELEASE.jar:5.0.10.RELEASE]
	at org.apache.catalina.core.ApplicationFilterChain.internalDoFilter(ApplicationFilterChain.java:193) [tomcat-embed-core-8.5.34.jar:8.5.34]
	at org.apache.catalina.core.ApplicationFilterChain.doFilter(ApplicationFilterChain.java:166) [tomcat-embed-core-8.5.34.jar:8.5.34]
	at org.springframework.web.filter.HttpPutFormContentFilter.doFilterInternal(HttpPutFormContentFilter.java:109) [spring-web-5.0.10.RELEASE.jar:5.0.10.RELEASE]
	at org.springframework.web.filter.OncePerRequestFilter.doFilter(OncePerRequestFilter.java:107) [spring-web-5.0.10.RELEASE.jar:5.0.10.RELEASE]
	at org.apache.catalina.core.ApplicationFilterChain.internalDoFilter(ApplicationFilterChain.java:193) [tomcat-embed-core-8.5.34.jar:8.5.34]
	at org.apache.catalina.core.ApplicationFilterChain.doFilter(ApplicationFilterChain.java:166) [tomcat-embed-core-8.5.34.jar:8.5.34]
	at org.springframework.web.filter.HiddenHttpMethodFilter.doFilterInternal(HiddenHttpMethodFilter.java:93) [spring-web-5.0.10.RELEASE.jar:5.0.10.RELEASE]
	at org.springframework.web.filter.OncePerRequestFilter.doFilter(OncePerRequestFilter.java:107) [spring-web-5.0.10.RELEASE.jar:5.0.10.RELEASE]
	at org.apache.catalina.core.ApplicationFilterChain.internalDoFilter(ApplicationFilterChain.java:193) [tomcat-embed-core-8.5.34.jar:8.5.34]
	at org.apache.catalina.core.ApplicationFilterChain.doFilter(ApplicationFilterChain.java:166) [tomcat-embed-core-8.5.34.jar:8.5.34]
	at org.springframework.web.filter.CharacterEncodingFilter.doFilterInternal(CharacterEncodingFilter.java:200) [spring-web-5.0.10.RELEASE.jar:5.0.10.RELEASE]
	at org.springframework.web.filter.OncePerRequestFilter.doFilter(OncePerRequestFilter.java:107) [spring-web-5.0.10.RELEASE.jar:5.0.10.RELEASE]
	at org.apache.catalina.core.ApplicationFilterChain.internalDoFilter(ApplicationFilterChain.java:193) [tomcat-embed-core-8.5.34.jar:8.5.34]
	at org.apache.catalina.core.ApplicationFilterChain.doFilter(ApplicationFilterChain.java:166) [tomcat-embed-core-8.5.34.jar:8.5.34]
	at org.apache.catalina.core.StandardWrapperValve.invoke(StandardWrapperValve.java:198) [tomcat-embed-core-8.5.34.jar:8.5.34]
	at org.apache.catalina.core.StandardContextValve.invoke(StandardContextValve.java:96) [tomcat-embed-core-8.5.34.jar:8.5.34]
	at org.apache.catalina.authenticator.AuthenticatorBase.invoke(AuthenticatorBase.java:493) [tomcat-embed-core-8.5.34.jar:8.5.34]
	at org.apache.catalina.core.StandardHostValve.invoke(StandardHostValve.java:140) [tomcat-embed-core-8.5.34.jar:8.5.34]
	at org.apache.catalina.valves.ErrorReportValve.invoke(ErrorReportValve.java:81) [tomcat-embed-core-8.5.34.jar:8.5.34]
	at org.apache.catalina.core.StandardEngineValve.invoke(StandardEngineValve.java:87) [tomcat-embed-core-8.5.34.jar:8.5.34]
	at org.apache.catalina.connector.CoyoteAdapter.service(CoyoteAdapter.java:342) [tomcat-embed-core-8.5.34.jar:8.5.34]
	at org.apache.coyote.http11.Http11Processor.service(Http11Processor.java:800) [tomcat-embed-core-8.5.34.jar:8.5.34]
	at org.apache.coyote.AbstractProcessorLight.process(AbstractProcessorLight.java:66) [tomcat-embed-core-8.5.34.jar:8.5.34]
	at org.apache.coyote.AbstractProtocol$ConnectionHandler.process(AbstractProtocol.java:806) [tomcat-embed-core-8.5.34.jar:8.5.34]
	at org.apache.tomcat.util.net.NioEndpoint$SocketProcessor.doRun(NioEndpoint.java:1498) [tomcat-embed-core-8.5.34.jar:8.5.34]
	at org.apache.tomcat.util.net.SocketProcessorBase.run(SocketProcessorBase.java:49) [tomcat-embed-core-8.5.34.jar:8.5.34]
	at java.util.concurrent.ThreadPoolExecutor.runWorker(ThreadPoolExecutor.java:1149) [?:1.8.0_161]
	at java.util.concurrent.ThreadPoolExecutor$Worker.run(ThreadPoolExecutor.java:624) [?:1.8.0_161]
	at org.apache.tomcat.util.threads.TaskThread$WrappingRunnable.run(TaskThread.java:61) [tomcat-embed-core-8.5.34.jar:8.5.34]
	at java.lang.Thread.run(Thread.java:748) [?:1.8.0_161]
[13:27:15:568]|[ERROR]|com.alibaba.druid.filter.logging.Log4j2Filter|statementLogError|{conn-5110005, pstmt-5120013} execute error. update t_apply_order set complain=?, order_cut=?, order_statu=?, pk_id=?, user_id=? where order_id=?
java.sql.SQLException: Incorrect integer value: '订单确认中' for column 'order_statu' at row 1
	at com.mysql.cj.jdbc.exceptions.SQLError.createSQLException(SQLError.java:127) ~[mysql-connector-java-8.0.11.jar:8.0.11]
	at com.mysql.cj.jdbc.exceptions.SQLError.createSQLException(SQLError.java:95) ~[mysql-connector-java-8.0.11.jar:8.0.11]
	at com.mysql.cj.jdbc.exceptions.SQLExceptionsMapping.translateException(SQLExceptionsMapping.java:122) ~[mysql-connector-java-8.0.11.jar:8.0.11]
	at com.mysql.cj.jdbc.ClientPreparedStatement.executeInternal(ClientPreparedStatement.java:960) ~[mysql-connector-java-8.0.11.jar:8.0.11]
	at com.mysql.cj.jdbc.ClientPreparedStatement.executeUpdateInternal(ClientPreparedStatement.java:1116) ~[mysql-connector-java-8.0.11.jar:8.0.11]
	at com.mysql.cj.jdbc.ClientPreparedStatement.executeUpdateInternal(ClientPreparedStatement.java:1066) ~[mysql-connector-java-8.0.11.jar:8.0.11]
	at com.mysql.cj.jdbc.ClientPreparedStatement.executeLargeUpdate(ClientPreparedStatement.java:1396) ~[mysql-connector-java-8.0.11.jar:8.0.11]
	at com.mysql.cj.jdbc.ClientPreparedStatement.executeUpdate(ClientPreparedStatement.java:1051) ~[mysql-connector-java-8.0.11.jar:8.0.11]
	at com.alibaba.druid.filter.FilterChainImpl.preparedStatement_executeUpdate(FilterChainImpl.java:3253) ~[druid-1.1.21.jar:1.1.21]
	at com.alibaba.druid.filter.FilterAdapter.preparedStatement_executeUpdate(FilterAdapter.java:1092) ~[druid-1.1.21.jar:1.1.21]
	at com.alibaba.druid.filter.FilterEventAdapter.preparedStatement_executeUpdate(FilterEventAdapter.java:491) ~[druid-1.1.21.jar:1.1.21]
	at com.alibaba.druid.filter.FilterChainImpl.preparedStatement_executeUpdate(FilterChainImpl.java:3251) ~[druid-1.1.21.jar:1.1.21]
	at com.alibaba.druid.wall.WallFilter.preparedStatement_executeUpdate(WallFilter.java:662) ~[druid-1.1.21.jar:1.1.21]
	at com.alibaba.druid.filter.FilterChainImpl.preparedStatement_executeUpdate(FilterChainImpl.java:3251) ~[druid-1.1.21.jar:1.1.21]
	at com.alibaba.druid.filter.FilterAdapter.preparedStatement_executeUpdate(FilterAdapter.java:1092) ~[druid-1.1.21.jar:1.1.21]
	at com.alibaba.druid.filter.FilterEventAdapter.preparedStatement_executeUpdate(FilterEventAdapter.java:491) ~[druid-1.1.21.jar:1.1.21]
	at com.alibaba.druid.filter.FilterChainImpl.preparedStatement_executeUpdate(FilterChainImpl.java:3251) ~[druid-1.1.21.jar:1.1.21]
	at com.alibaba.druid.proxy.jdbc.PreparedStatementProxyImpl.executeUpdate(PreparedStatementProxyImpl.java:194) ~[druid-1.1.21.jar:1.1.21]
	at com.alibaba.druid.pool.DruidPooledPreparedStatement.executeUpdate(DruidPooledPreparedStatement.java:255) ~[druid-1.1.21.jar:1.1.21]
	at org.hibernate.engine.jdbc.internal.ResultSetReturnImpl.executeUpdate(ResultSetReturnImpl.java:175) ~[hibernate-core-5.2.17.Final.jar:5.2.17.Final]
	at org.hibernate.persister.entity.AbstractEntityPersister.update(AbstractEntityPersister.java:3217) ~[hibernate-core-5.2.17.Final.jar:5.2.17.Final]
	at org.hibernate.persister.entity.AbstractEntityPersister.updateOrInsert(AbstractEntityPersister.java:3090) ~[hibernate-core-5.2.17.Final.jar:5.2.17.Final]
	at org.hibernate.persister.entity.AbstractEntityPersister.update(AbstractEntityPersister.java:3491) ~[hibernate-core-5.2.17.Final.jar:5.2.17.Final]
	at org.hibernate.action.internal.EntityUpdateAction.execute(EntityUpdateAction.java:145) ~[hibernate-core-5.2.17.Final.jar:5.2.17.Final]
	at org.hibernate.engine.spi.ActionQueue.executeActions(ActionQueue.java:600) ~[hibernate-core-5.2.17.Final.jar:5.2.17.Final]
	at org.hibernate.engine.spi.ActionQueue.executeActions(ActionQueue.java:474) ~[hibernate-core-5.2.17.Final.jar:5.2.17.Final]
	at org.hibernate.event.internal.AbstractFlushingEventListener.performExecutions(AbstractFlushingEventListener.java:337) ~[hibernate-core-5.2.17.Final.jar:5.2.17.Final]
	at org.hibernate.event.internal.DefaultAutoFlushEventListener.onAutoFlush(DefaultAutoFlushEventListener.java:50) ~[hibernate-core-5.2.17.Final.jar:5.2.17.Final]
	at org.hibernate.internal.SessionImpl.autoFlushIfRequired(SessionImpl.java:1398) ~[hibernate-core-5.2.17.Final.jar:5.2.17.Final]
	at org.hibernate.internal.SessionImpl.list(SessionImpl.java:1483) ~[hibernate-core-5.2.17.Final.jar:5.2.17.Final]
	at org.hibernate.query.internal.AbstractProducedQuery.doList(AbstractProducedQuery.java:1445) ~[hibernate-core-5.2.17.Final.jar:5.2.17.Final]
	at org.hibernate.query.internal.AbstractProducedQuery.list(AbstractProducedQuery.java:1414) ~[hibernate-core-5.2.17.Final.jar:5.2.17.Final]
	at org.hibernate.query.Query.getResultList(Query.java:146) ~[hibernate-core-5.2.17.Final.jar:5.2.17.Final]
	at com.union.app.dao.spi.AppDaoService.querySingleEntity(AppDaoService.java:55) ~[classes/:?]
	at com.union.app.service.pk.service.UserInfoService.获取ApplyOrderEntity(UserInfoService.java:161) ~[classes/:?]
	at com.union.app.service.pk.service.UserInfoService.查询审核订单(UserInfoService.java:178) ~[classes/:?]
	at com.union.app.api.share.榜主审核.orderConfirm(榜主审核.java:93) ~[classes/:?]
	at com.union.app.api.share.榜主审核$$FastClassBySpringCGLIB$$e86b5ad2.invoke(<generated>) ~[classes/:?]
	at org.springframework.cglib.proxy.MethodProxy.invoke(MethodProxy.java:204) ~[spring-core-5.0.10.RELEASE.jar:5.0.10.RELEASE]
	at org.springframework.aop.framework.CglibAopProxy$CglibMethodInvocation.invokeJoinpoint(CglibAopProxy.java:746) ~[spring-aop-5.0.10.RELEASE.jar:5.0.10.RELEASE]
	at org.springframework.aop.framework.ReflectiveMethodInvocation.proceed(ReflectiveMethodInvocation.java:163) ~[spring-aop-5.0.10.RELEASE.jar:5.0.10.RELEASE]
	at org.springframework.transaction.interceptor.TransactionAspectSupport.invokeWithinTransaction(TransactionAspectSupport.java:294) [spring-tx-5.0.10.RELEASE.jar:5.0.10.RELEASE]
	at org.springframework.transaction.interceptor.TransactionInterceptor.invoke(TransactionInterceptor.java:98) [spring-tx-5.0.10.RELEASE.jar:5.0.10.RELEASE]
	at org.springframework.aop.framework.ReflectiveMethodInvocation.proceed(ReflectiveMethodInvocation.java:185) [spring-aop-5.0.10.RELEASE.jar:5.0.10.RELEASE]
	at org.springframework.aop.framework.CglibAopProxy$DynamicAdvisedInterceptor.intercept(CglibAopProxy.java:688) [spring-aop-5.0.10.RELEASE.jar:5.0.10.RELEASE]
	at com.union.app.api.share.榜主审核$$EnhancerBySpringCGLIB$$27187309.orderConfirm(<generated>) [classes/:?]
	at sun.reflect.NativeMethodAccessorImpl.invoke0(Native Method) ~[?:1.8.0_161]
	at sun.reflect.NativeMethodAccessorImpl.invoke(NativeMethodAccessorImpl.java:62) ~[?:1.8.0_161]
	at sun.reflect.DelegatingMethodAccessorImpl.invoke(DelegatingMethodAccessorImpl.java:43) ~[?:1.8.0_161]
	at java.lang.reflect.Method.invoke(Method.java:498) ~[?:1.8.0_161]
	at org.springframework.web.method.support.InvocableHandlerMethod.doInvoke(InvocableHandlerMethod.java:209) [spring-web-5.0.10.RELEASE.jar:5.0.10.RELEASE]
	at org.springframework.web.method.support.InvocableHandlerMethod.invokeForRequest(InvocableHandlerMethod.java:136) [spring-web-5.0.10.RELEASE.jar:5.0.10.RELEASE]
	at org.springframework.web.servlet.mvc.method.annotation.ServletInvocableHandlerMethod.invokeAndHandle(ServletInvocableHandlerMethod.java:102) [spring-webmvc-5.0.10.RELEASE.jar:5.0.10.RELEASE]
	at org.springframework.web.servlet.mvc.method.annotation.RequestMappingHandlerAdapter.invokeHandlerMethod(RequestMappingHandlerAdapter.java:891) [spring-webmvc-5.0.10.RELEASE.jar:5.0.10.RELEASE]
	at org.springframework.web.servlet.mvc.method.annotation.RequestMappingHandlerAdapter.handleInternal(RequestMappingHandlerAdapter.java:797) [spring-webmvc-5.0.10.RELEASE.jar:5.0.10.RELEASE]
	at org.springframework.web.servlet.mvc.method.AbstractHandlerMethodAdapter.handle(AbstractHandlerMethodAdapter.java:87) [spring-webmvc-5.0.10.RELEASE.jar:5.0.10.RELEASE]
	at org.springframework.web.servlet.DispatcherServlet.doDispatch(DispatcherServlet.java:991) [spring-webmvc-5.0.10.RELEASE.jar:5.0.10.RELEASE]
	at org.springframework.web.servlet.DispatcherServlet.doService(DispatcherServlet.java:925) [spring-webmvc-5.0.10.RELEASE.jar:5.0.10.RELEASE]
	at org.springframework.web.servlet.FrameworkServlet.processRequest(FrameworkServlet.java:974) [spring-webmvc-5.0.10.RELEASE.jar:5.0.10.RELEASE]
	at org.springframework.web.servlet.FrameworkServlet.doGet(FrameworkServlet.java:866) [spring-webmvc-5.0.10.RELEASE.jar:5.0.10.RELEASE]
	at javax.servlet.http.HttpServlet.service(HttpServlet.java:635) [tomcat-embed-core-8.5.34.jar:8.5.34]
	at org.springframework.web.servlet.FrameworkServlet.service(FrameworkServlet.java:851) [spring-webmvc-5.0.10.RELEASE.jar:5.0.10.RELEASE]
	at javax.servlet.http.HttpServlet.service(HttpServlet.java:742) [tomcat-embed-core-8.5.34.jar:8.5.34]
	at org.apache.catalina.core.ApplicationFilterChain.internalDoFilter(ApplicationFilterChain.java:231) [tomcat-embed-core-8.5.34.jar:8.5.34]
	at org.apache.catalina.core.ApplicationFilterChain.doFilter(ApplicationFilterChain.java:166) [tomcat-embed-core-8.5.34.jar:8.5.34]
	at org.apache.tomcat.websocket.server.WsFilter.doFilter(WsFilter.java:52) [tomcat-embed-websocket-8.5.34.jar:8.5.34]
	at org.apache.catalina.core.ApplicationFilterChain.internalDoFilter(ApplicationFilterChain.java:193) [tomcat-embed-core-8.5.34.jar:8.5.34]
	at org.apache.catalina.core.ApplicationFilterChain.doFilter(ApplicationFilterChain.java:166) [tomcat-embed-core-8.5.34.jar:8.5.34]
	at com.alibaba.druid.support.http.WebStatFilter.doFilter(WebStatFilter.java:124) [druid-1.1.21.jar:1.1.21]
	at org.apache.catalina.core.ApplicationFilterChain.internalDoFilter(ApplicationFilterChain.java:193) [tomcat-embed-core-8.5.34.jar:8.5.34]
	at org.apache.catalina.core.ApplicationFilterChain.doFilter(ApplicationFilterChain.java:166) [tomcat-embed-core-8.5.34.jar:8.5.34]
	at org.springframework.web.filter.RequestContextFilter.doFilterInternal(RequestContextFilter.java:99) [spring-web-5.0.10.RELEASE.jar:5.0.10.RELEASE]
	at org.springframework.web.filter.OncePerRequestFilter.doFilter(OncePerRequestFilter.java:107) [spring-web-5.0.10.RELEASE.jar:5.0.10.RELEASE]
	at org.apache.catalina.core.ApplicationFilterChain.internalDoFilter(ApplicationFilterChain.java:193) [tomcat-embed-core-8.5.34.jar:8.5.34]
	at org.apache.catalina.core.ApplicationFilterChain.doFilter(ApplicationFilterChain.java:166) [tomcat-embed-core-8.5.34.jar:8.5.34]
	at org.springframework.web.filter.HttpPutFormContentFilter.doFilterInternal(HttpPutFormContentFilter.java:109) [spring-web-5.0.10.RELEASE.jar:5.0.10.RELEASE]
	at org.springframework.web.filter.OncePerRequestFilter.doFilter(OncePerRequestFilter.java:107) [spring-web-5.0.10.RELEASE.jar:5.0.10.RELEASE]
	at org.apache.catalina.core.ApplicationFilterChain.internalDoFilter(ApplicationFilterChain.java:193) [tomcat-embed-core-8.5.34.jar:8.5.34]
	at org.apache.catalina.core.ApplicationFilterChain.doFilter(ApplicationFilterChain.java:166) [tomcat-embed-core-8.5.34.jar:8.5.34]
	at org.springframework.web.filter.HiddenHttpMethodFilter.doFilterInternal(HiddenHttpMethodFilter.java:93) [spring-web-5.0.10.RELEASE.jar:5.0.10.RELEASE]
	at org.springframework.web.filter.OncePerRequestFilter.doFilter(OncePerRequestFilter.java:107) [spring-web-5.0.10.RELEASE.jar:5.0.10.RELEASE]
	at org.apache.catalina.core.ApplicationFilterChain.internalDoFilter(ApplicationFilterChain.java:193) [tomcat-embed-core-8.5.34.jar:8.5.34]
	at org.apache.catalina.core.ApplicationFilterChain.doFilter(ApplicationFilterChain.java:166) [tomcat-embed-core-8.5.34.jar:8.5.34]
	at org.springframework.web.filter.CharacterEncodingFilter.doFilterInternal(CharacterEncodingFilter.java:200) [spring-web-5.0.10.RELEASE.jar:5.0.10.RELEASE]
	at org.springframework.web.filter.OncePerRequestFilter.doFilter(OncePerRequestFilter.java:107) [spring-web-5.0.10.RELEASE.jar:5.0.10.RELEASE]
	at org.apache.catalina.core.ApplicationFilterChain.internalDoFilter(ApplicationFilterChain.java:193) [tomcat-embed-core-8.5.34.jar:8.5.34]
	at org.apache.catalina.core.ApplicationFilterChain.doFilter(ApplicationFilterChain.java:166) [tomcat-embed-core-8.5.34.jar:8.5.34]
	at org.apache.catalina.core.StandardWrapperValve.invoke(StandardWrapperValve.java:198) [tomcat-embed-core-8.5.34.jar:8.5.34]
	at org.apache.catalina.core.StandardContextValve.invoke(StandardContextValve.java:96) [tomcat-embed-core-8.5.34.jar:8.5.34]
	at org.apache.catalina.authenticator.AuthenticatorBase.invoke(AuthenticatorBase.java:493) [tomcat-embed-core-8.5.34.jar:8.5.34]
	at org.apache.catalina.core.StandardHostValve.invoke(StandardHostValve.java:140) [tomcat-embed-core-8.5.34.jar:8.5.34]
	at org.apache.catalina.valves.ErrorReportValve.invoke(ErrorReportValve.java:81) [tomcat-embed-core-8.5.34.jar:8.5.34]
	at org.apache.catalina.core.StandardEngineValve.invoke(StandardEngineValve.java:87) [tomcat-embed-core-8.5.34.jar:8.5.34]
	at org.apache.catalina.connector.CoyoteAdapter.service(CoyoteAdapter.java:342) [tomcat-embed-core-8.5.34.jar:8.5.34]
	at org.apache.coyote.http11.Http11Processor.service(Http11Processor.java:800) [tomcat-embed-core-8.5.34.jar:8.5.34]
	at org.apache.coyote.AbstractProcessorLight.process(AbstractProcessorLight.java:66) [tomcat-embed-core-8.5.34.jar:8.5.34]
	at org.apache.coyote.AbstractProtocol$ConnectionHandler.process(AbstractProtocol.java:806) [tomcat-embed-core-8.5.34.jar:8.5.34]
	at org.apache.tomcat.util.net.NioEndpoint$SocketProcessor.doRun(NioEndpoint.java:1498) [tomcat-embed-core-8.5.34.jar:8.5.34]
	at org.apache.tomcat.util.net.SocketProcessorBase.run(SocketProcessorBase.java:49) [tomcat-embed-core-8.5.34.jar:8.5.34]
	at java.util.concurrent.ThreadPoolExecutor.runWorker(ThreadPoolExecutor.java:1149) [?:1.8.0_161]
	at java.util.concurrent.ThreadPoolExecutor$Worker.run(ThreadPoolExecutor.java:624) [?:1.8.0_161]
	at org.apache.tomcat.util.threads.TaskThread$WrappingRunnable.run(TaskThread.java:61) [tomcat-embed-core-8.5.34.jar:8.5.34]
	at java.lang.Thread.run(Thread.java:748) [?:1.8.0_161]
[13:27:42:504]|[ERROR]|com.alibaba.druid.filter.logging.Log4j2Filter|statementLogError|{conn-5110005, pstmt-5120014} execute error. update t_apply_order set complain=?, order_cut=?, order_statu=?, pk_id=?, user_id=? where order_id=?
java.sql.SQLException: Incorrect integer value: '订单确认中' for column 'order_statu' at row 1
	at com.mysql.cj.jdbc.exceptions.SQLError.createSQLException(SQLError.java:127) ~[mysql-connector-java-8.0.11.jar:8.0.11]
	at com.mysql.cj.jdbc.exceptions.SQLError.createSQLException(SQLError.java:95) ~[mysql-connector-java-8.0.11.jar:8.0.11]
	at com.mysql.cj.jdbc.exceptions.SQLExceptionsMapping.translateException(SQLExceptionsMapping.java:122) ~[mysql-connector-java-8.0.11.jar:8.0.11]
	at com.mysql.cj.jdbc.ClientPreparedStatement.executeInternal(ClientPreparedStatement.java:960) ~[mysql-connector-java-8.0.11.jar:8.0.11]
	at com.mysql.cj.jdbc.ClientPreparedStatement.executeUpdateInternal(ClientPreparedStatement.java:1116) ~[mysql-connector-java-8.0.11.jar:8.0.11]
	at com.mysql.cj.jdbc.ClientPreparedStatement.executeUpdateInternal(ClientPreparedStatement.java:1066) ~[mysql-connector-java-8.0.11.jar:8.0.11]
	at com.mysql.cj.jdbc.ClientPreparedStatement.executeLargeUpdate(ClientPreparedStatement.java:1396) ~[mysql-connector-java-8.0.11.jar:8.0.11]
	at com.mysql.cj.jdbc.ClientPreparedStatement.executeUpdate(ClientPreparedStatement.java:1051) ~[mysql-connector-java-8.0.11.jar:8.0.11]
	at com.alibaba.druid.filter.FilterChainImpl.preparedStatement_executeUpdate(FilterChainImpl.java:3253) ~[druid-1.1.21.jar:1.1.21]
	at com.alibaba.druid.filter.FilterAdapter.preparedStatement_executeUpdate(FilterAdapter.java:1092) ~[druid-1.1.21.jar:1.1.21]
	at com.alibaba.druid.filter.FilterEventAdapter.preparedStatement_executeUpdate(FilterEventAdapter.java:491) ~[druid-1.1.21.jar:1.1.21]
	at com.alibaba.druid.filter.FilterChainImpl.preparedStatement_executeUpdate(FilterChainImpl.java:3251) ~[druid-1.1.21.jar:1.1.21]
	at com.alibaba.druid.wall.WallFilter.preparedStatement_executeUpdate(WallFilter.java:662) ~[druid-1.1.21.jar:1.1.21]
	at com.alibaba.druid.filter.FilterChainImpl.preparedStatement_executeUpdate(FilterChainImpl.java:3251) ~[druid-1.1.21.jar:1.1.21]
	at com.alibaba.druid.filter.FilterAdapter.preparedStatement_executeUpdate(FilterAdapter.java:1092) ~[druid-1.1.21.jar:1.1.21]
	at com.alibaba.druid.filter.FilterEventAdapter.preparedStatement_executeUpdate(FilterEventAdapter.java:491) ~[druid-1.1.21.jar:1.1.21]
	at com.alibaba.druid.filter.FilterChainImpl.preparedStatement_executeUpdate(FilterChainImpl.java:3251) ~[druid-1.1.21.jar:1.1.21]
	at com.alibaba.druid.proxy.jdbc.PreparedStatementProxyImpl.executeUpdate(PreparedStatementProxyImpl.java:194) ~[druid-1.1.21.jar:1.1.21]
	at com.alibaba.druid.pool.DruidPooledPreparedStatement.executeUpdate(DruidPooledPreparedStatement.java:255) ~[druid-1.1.21.jar:1.1.21]
	at org.hibernate.engine.jdbc.internal.ResultSetReturnImpl.executeUpdate(ResultSetReturnImpl.java:175) ~[hibernate-core-5.2.17.Final.jar:5.2.17.Final]
	at org.hibernate.persister.entity.AbstractEntityPersister.update(AbstractEntityPersister.java:3217) ~[hibernate-core-5.2.17.Final.jar:5.2.17.Final]
	at org.hibernate.persister.entity.AbstractEntityPersister.updateOrInsert(AbstractEntityPersister.java:3090) ~[hibernate-core-5.2.17.Final.jar:5.2.17.Final]
	at org.hibernate.persister.entity.AbstractEntityPersister.update(AbstractEntityPersister.java:3491) ~[hibernate-core-5.2.17.Final.jar:5.2.17.Final]
	at org.hibernate.action.internal.EntityUpdateAction.execute(EntityUpdateAction.java:145) ~[hibernate-core-5.2.17.Final.jar:5.2.17.Final]
	at org.hibernate.engine.spi.ActionQueue.executeActions(ActionQueue.java:600) ~[hibernate-core-5.2.17.Final.jar:5.2.17.Final]
	at org.hibernate.engine.spi.ActionQueue.executeActions(ActionQueue.java:474) ~[hibernate-core-5.2.17.Final.jar:5.2.17.Final]
	at org.hibernate.event.internal.AbstractFlushingEventListener.performExecutions(AbstractFlushingEventListener.java:337) ~[hibernate-core-5.2.17.Final.jar:5.2.17.Final]
	at org.hibernate.event.internal.DefaultAutoFlushEventListener.onAutoFlush(DefaultAutoFlushEventListener.java:50) ~[hibernate-core-5.2.17.Final.jar:5.2.17.Final]
	at org.hibernate.internal.SessionImpl.autoFlushIfRequired(SessionImpl.java:1398) ~[hibernate-core-5.2.17.Final.jar:5.2.17.Final]
	at org.hibernate.internal.SessionImpl.list(SessionImpl.java:1483) ~[hibernate-core-5.2.17.Final.jar:5.2.17.Final]
	at org.hibernate.query.internal.AbstractProducedQuery.doList(AbstractProducedQuery.java:1445) ~[hibernate-core-5.2.17.Final.jar:5.2.17.Final]
	at org.hibernate.query.internal.AbstractProducedQuery.list(AbstractProducedQuery.java:1414) ~[hibernate-core-5.2.17.Final.jar:5.2.17.Final]
	at org.hibernate.query.Query.getResultList(Query.java:146) ~[hibernate-core-5.2.17.Final.jar:5.2.17.Final]
	at com.union.app.dao.spi.AppDaoService.querySingleEntity(AppDaoService.java:55) ~[classes/:?]
	at com.union.app.service.pk.service.UserInfoService.获取ApplyOrderEntity(UserInfoService.java:161) ~[classes/:?]
	at com.union.app.service.pk.service.UserInfoService.查询审核订单(UserInfoService.java:178) ~[classes/:?]
	at com.union.app.api.share.榜主审核.orderConfirm(榜主审核.java:93) ~[classes/:?]
	at com.union.app.api.share.榜主审核$$FastClassBySpringCGLIB$$e86b5ad2.invoke(<generated>) ~[classes/:?]
	at org.springframework.cglib.proxy.MethodProxy.invoke(MethodProxy.java:204) ~[spring-core-5.0.10.RELEASE.jar:5.0.10.RELEASE]
	at org.springframework.aop.framework.CglibAopProxy$CglibMethodInvocation.invokeJoinpoint(CglibAopProxy.java:746) ~[spring-aop-5.0.10.RELEASE.jar:5.0.10.RELEASE]
	at org.springframework.aop.framework.ReflectiveMethodInvocation.proceed(ReflectiveMethodInvocation.java:163) ~[spring-aop-5.0.10.RELEASE.jar:5.0.10.RELEASE]
	at org.springframework.transaction.interceptor.TransactionAspectSupport.invokeWithinTransaction(TransactionAspectSupport.java:294) [spring-tx-5.0.10.RELEASE.jar:5.0.10.RELEASE]
	at org.springframework.transaction.interceptor.TransactionInterceptor.invoke(TransactionInterceptor.java:98) [spring-tx-5.0.10.RELEASE.jar:5.0.10.RELEASE]
	at org.springframework.aop.framework.ReflectiveMethodInvocation.proceed(ReflectiveMethodInvocation.java:185) [spring-aop-5.0.10.RELEASE.jar:5.0.10.RELEASE]
	at org.springframework.aop.framework.CglibAopProxy$DynamicAdvisedInterceptor.intercept(CglibAopProxy.java:688) [spring-aop-5.0.10.RELEASE.jar:5.0.10.RELEASE]
	at com.union.app.api.share.榜主审核$$EnhancerBySpringCGLIB$$27187309.orderConfirm(<generated>) [classes/:?]
	at sun.reflect.NativeMethodAccessorImpl.invoke0(Native Method) ~[?:1.8.0_161]
	at sun.reflect.NativeMethodAccessorImpl.invoke(NativeMethodAccessorImpl.java:62) ~[?:1.8.0_161]
	at sun.reflect.DelegatingMethodAccessorImpl.invoke(DelegatingMethodAccessorImpl.java:43) ~[?:1.8.0_161]
	at java.lang.reflect.Method.invoke(Method.java:498) ~[?:1.8.0_161]
	at org.springframework.web.method.support.InvocableHandlerMethod.doInvoke(InvocableHandlerMethod.java:209) [spring-web-5.0.10.RELEASE.jar:5.0.10.RELEASE]
	at org.springframework.web.method.support.InvocableHandlerMethod.invokeForRequest(InvocableHandlerMethod.java:136) [spring-web-5.0.10.RELEASE.jar:5.0.10.RELEASE]
	at org.springframework.web.servlet.mvc.method.annotation.ServletInvocableHandlerMethod.invokeAndHandle(ServletInvocableHandlerMethod.java:102) [spring-webmvc-5.0.10.RELEASE.jar:5.0.10.RELEASE]
	at org.springframework.web.servlet.mvc.method.annotation.RequestMappingHandlerAdapter.invokeHandlerMethod(RequestMappingHandlerAdapter.java:891) [spring-webmvc-5.0.10.RELEASE.jar:5.0.10.RELEASE]
	at org.springframework.web.servlet.mvc.method.annotation.RequestMappingHandlerAdapter.handleInternal(RequestMappingHandlerAdapter.java:797) [spring-webmvc-5.0.10.RELEASE.jar:5.0.10.RELEASE]
	at org.springframework.web.servlet.mvc.method.AbstractHandlerMethodAdapter.handle(AbstractHandlerMethodAdapter.java:87) [spring-webmvc-5.0.10.RELEASE.jar:5.0.10.RELEASE]
	at org.springframework.web.servlet.DispatcherServlet.doDispatch(DispatcherServlet.java:991) [spring-webmvc-5.0.10.RELEASE.jar:5.0.10.RELEASE]
	at org.springframework.web.servlet.DispatcherServlet.doService(DispatcherServlet.java:925) [spring-webmvc-5.0.10.RELEASE.jar:5.0.10.RELEASE]
	at org.springframework.web.servlet.FrameworkServlet.processRequest(FrameworkServlet.java:974) [spring-webmvc-5.0.10.RELEASE.jar:5.0.10.RELEASE]
	at org.springframework.web.servlet.FrameworkServlet.doGet(FrameworkServlet.java:866) [spring-webmvc-5.0.10.RELEASE.jar:5.0.10.RELEASE]
	at javax.servlet.http.HttpServlet.service(HttpServlet.java:635) [tomcat-embed-core-8.5.34.jar:8.5.34]
	at org.springframework.web.servlet.FrameworkServlet.service(FrameworkServlet.java:851) [spring-webmvc-5.0.10.RELEASE.jar:5.0.10.RELEASE]
	at javax.servlet.http.HttpServlet.service(HttpServlet.java:742) [tomcat-embed-core-8.5.34.jar:8.5.34]
	at org.apache.catalina.core.ApplicationFilterChain.internalDoFilter(ApplicationFilterChain.java:231) [tomcat-embed-core-8.5.34.jar:8.5.34]
	at org.apache.catalina.core.ApplicationFilterChain.doFilter(ApplicationFilterChain.java:166) [tomcat-embed-core-8.5.34.jar:8.5.34]
	at org.apache.tomcat.websocket.server.WsFilter.doFilter(WsFilter.java:52) [tomcat-embed-websocket-8.5.34.jar:8.5.34]
	at org.apache.catalina.core.ApplicationFilterChain.internalDoFilter(ApplicationFilterChain.java:193) [tomcat-embed-core-8.5.34.jar:8.5.34]
	at org.apache.catalina.core.ApplicationFilterChain.doFilter(ApplicationFilterChain.java:166) [tomcat-embed-core-8.5.34.jar:8.5.34]
	at com.alibaba.druid.support.http.WebStatFilter.doFilter(WebStatFilter.java:124) [druid-1.1.21.jar:1.1.21]
	at org.apache.catalina.core.ApplicationFilterChain.internalDoFilter(ApplicationFilterChain.java:193) [tomcat-embed-core-8.5.34.jar:8.5.34]
	at org.apache.catalina.core.ApplicationFilterChain.doFilter(ApplicationFilterChain.java:166) [tomcat-embed-core-8.5.34.jar:8.5.34]
	at org.springframework.web.filter.RequestContextFilter.doFilterInternal(RequestContextFilter.java:99) [spring-web-5.0.10.RELEASE.jar:5.0.10.RELEASE]
	at org.springframework.web.filter.OncePerRequestFilter.doFilter(OncePerRequestFilter.java:107) [spring-web-5.0.10.RELEASE.jar:5.0.10.RELEASE]
	at org.apache.catalina.core.ApplicationFilterChain.internalDoFilter(ApplicationFilterChain.java:193) [tomcat-embed-core-8.5.34.jar:8.5.34]
	at org.apache.catalina.core.ApplicationFilterChain.doFilter(ApplicationFilterChain.java:166) [tomcat-embed-core-8.5.34.jar:8.5.34]
	at org.springframework.web.filter.HttpPutFormContentFilter.doFilterInternal(HttpPutFormContentFilter.java:109) [spring-web-5.0.10.RELEASE.jar:5.0.10.RELEASE]
	at org.springframework.web.filter.OncePerRequestFilter.doFilter(OncePerRequestFilter.java:107) [spring-web-5.0.10.RELEASE.jar:5.0.10.RELEASE]
	at org.apache.catalina.core.ApplicationFilterChain.internalDoFilter(ApplicationFilterChain.java:193) [tomcat-embed-core-8.5.34.jar:8.5.34]
	at org.apache.catalina.core.ApplicationFilterChain.doFilter(ApplicationFilterChain.java:166) [tomcat-embed-core-8.5.34.jar:8.5.34]
	at org.springframework.web.filter.HiddenHttpMethodFilter.doFilterInternal(HiddenHttpMethodFilter.java:93) [spring-web-5.0.10.RELEASE.jar:5.0.10.RELEASE]
	at org.springframework.web.filter.OncePerRequestFilter.doFilter(OncePerRequestFilter.java:107) [spring-web-5.0.10.RELEASE.jar:5.0.10.RELEASE]
	at org.apache.catalina.core.ApplicationFilterChain.internalDoFilter(ApplicationFilterChain.java:193) [tomcat-embed-core-8.5.34.jar:8.5.34]
	at org.apache.catalina.core.ApplicationFilterChain.doFilter(ApplicationFilterChain.java:166) [tomcat-embed-core-8.5.34.jar:8.5.34]
	at org.springframework.web.filter.CharacterEncodingFilter.doFilterInternal(CharacterEncodingFilter.java:200) [spring-web-5.0.10.RELEASE.jar:5.0.10.RELEASE]
	at org.springframework.web.filter.OncePerRequestFilter.doFilter(OncePerRequestFilter.java:107) [spring-web-5.0.10.RELEASE.jar:5.0.10.RELEASE]
	at org.apache.catalina.core.ApplicationFilterChain.internalDoFilter(ApplicationFilterChain.java:193) [tomcat-embed-core-8.5.34.jar:8.5.34]
	at org.apache.catalina.core.ApplicationFilterChain.doFilter(ApplicationFilterChain.java:166) [tomcat-embed-core-8.5.34.jar:8.5.34]
	at org.apache.catalina.core.StandardWrapperValve.invoke(StandardWrapperValve.java:198) [tomcat-embed-core-8.5.34.jar:8.5.34]
	at org.apache.catalina.core.StandardContextValve.invoke(StandardContextValve.java:96) [tomcat-embed-core-8.5.34.jar:8.5.34]
	at org.apache.catalina.authenticator.AuthenticatorBase.invoke(AuthenticatorBase.java:493) [tomcat-embed-core-8.5.34.jar:8.5.34]
	at org.apache.catalina.core.StandardHostValve.invoke(StandardHostValve.java:140) [tomcat-embed-core-8.5.34.jar:8.5.34]
	at org.apache.catalina.valves.ErrorReportValve.invoke(ErrorReportValve.java:81) [tomcat-embed-core-8.5.34.jar:8.5.34]
	at org.apache.catalina.core.StandardEngineValve.invoke(StandardEngineValve.java:87) [tomcat-embed-core-8.5.34.jar:8.5.34]
	at org.apache.catalina.connector.CoyoteAdapter.service(CoyoteAdapter.java:342) [tomcat-embed-core-8.5.34.jar:8.5.34]
	at org.apache.coyote.http11.Http11Processor.service(Http11Processor.java:800) [tomcat-embed-core-8.5.34.jar:8.5.34]
	at org.apache.coyote.AbstractProcessorLight.process(AbstractProcessorLight.java:66) [tomcat-embed-core-8.5.34.jar:8.5.34]
	at org.apache.coyote.AbstractProtocol$ConnectionHandler.process(AbstractProtocol.java:806) [tomcat-embed-core-8.5.34.jar:8.5.34]
	at org.apache.tomcat.util.net.NioEndpoint$SocketProcessor.doRun(NioEndpoint.java:1498) [tomcat-embed-core-8.5.34.jar:8.5.34]
	at org.apache.tomcat.util.net.SocketProcessorBase.run(SocketProcessorBase.java:49) [tomcat-embed-core-8.5.34.jar:8.5.34]
	at java.util.concurrent.ThreadPoolExecutor.runWorker(ThreadPoolExecutor.java:1149) [?:1.8.0_161]
	at java.util.concurrent.ThreadPoolExecutor$Worker.run(ThreadPoolExecutor.java:624) [?:1.8.0_161]
	at org.apache.tomcat.util.threads.TaskThread$WrappingRunnable.run(TaskThread.java:61) [tomcat-embed-core-8.5.34.jar:8.5.34]
	at java.lang.Thread.run(Thread.java:748) [?:1.8.0_161]
[13:27:53:711]|[ERROR]|com.alibaba.druid.filter.logging.Log4j2Filter|statementLogError|{conn-5110005, pstmt-5120015} execute error. update t_apply_order set complain=?, order_cut=?, order_statu=?, pk_id=?, user_id=? where order_id=?
java.sql.SQLException: Incorrect integer value: '订单确认中' for column 'order_statu' at row 1
	at com.mysql.cj.jdbc.exceptions.SQLError.createSQLException(SQLError.java:127) ~[mysql-connector-java-8.0.11.jar:8.0.11]
	at com.mysql.cj.jdbc.exceptions.SQLError.createSQLException(SQLError.java:95) ~[mysql-connector-java-8.0.11.jar:8.0.11]
	at com.mysql.cj.jdbc.exceptions.SQLExceptionsMapping.translateException(SQLExceptionsMapping.java:122) ~[mysql-connector-java-8.0.11.jar:8.0.11]
	at com.mysql.cj.jdbc.ClientPreparedStatement.executeInternal(ClientPreparedStatement.java:960) ~[mysql-connector-java-8.0.11.jar:8.0.11]
	at com.mysql.cj.jdbc.ClientPreparedStatement.executeUpdateInternal(ClientPreparedStatement.java:1116) ~[mysql-connector-java-8.0.11.jar:8.0.11]
	at com.mysql.cj.jdbc.ClientPreparedStatement.executeUpdateInternal(ClientPreparedStatement.java:1066) ~[mysql-connector-java-8.0.11.jar:8.0.11]
	at com.mysql.cj.jdbc.ClientPreparedStatement.executeLargeUpdate(ClientPreparedStatement.java:1396) ~[mysql-connector-java-8.0.11.jar:8.0.11]
	at com.mysql.cj.jdbc.ClientPreparedStatement.executeUpdate(ClientPreparedStatement.java:1051) ~[mysql-connector-java-8.0.11.jar:8.0.11]
	at com.alibaba.druid.filter.FilterChainImpl.preparedStatement_executeUpdate(FilterChainImpl.java:3253) ~[druid-1.1.21.jar:1.1.21]
	at com.alibaba.druid.filter.FilterAdapter.preparedStatement_executeUpdate(FilterAdapter.java:1092) ~[druid-1.1.21.jar:1.1.21]
	at com.alibaba.druid.filter.FilterEventAdapter.preparedStatement_executeUpdate(FilterEventAdapter.java:491) ~[druid-1.1.21.jar:1.1.21]
	at com.alibaba.druid.filter.FilterChainImpl.preparedStatement_executeUpdate(FilterChainImpl.java:3251) ~[druid-1.1.21.jar:1.1.21]
	at com.alibaba.druid.wall.WallFilter.preparedStatement_executeUpdate(WallFilter.java:662) ~[druid-1.1.21.jar:1.1.21]
	at com.alibaba.druid.filter.FilterChainImpl.preparedStatement_executeUpdate(FilterChainImpl.java:3251) ~[druid-1.1.21.jar:1.1.21]
	at com.alibaba.druid.filter.FilterAdapter.preparedStatement_executeUpdate(FilterAdapter.java:1092) ~[druid-1.1.21.jar:1.1.21]
	at com.alibaba.druid.filter.FilterEventAdapter.preparedStatement_executeUpdate(FilterEventAdapter.java:491) ~[druid-1.1.21.jar:1.1.21]
	at com.alibaba.druid.filter.FilterChainImpl.preparedStatement_executeUpdate(FilterChainImpl.java:3251) ~[druid-1.1.21.jar:1.1.21]
	at com.alibaba.druid.proxy.jdbc.PreparedStatementProxyImpl.executeUpdate(PreparedStatementProxyImpl.java:194) ~[druid-1.1.21.jar:1.1.21]
	at com.alibaba.druid.pool.DruidPooledPreparedStatement.executeUpdate(DruidPooledPreparedStatement.java:255) ~[druid-1.1.21.jar:1.1.21]
	at org.hibernate.engine.jdbc.internal.ResultSetReturnImpl.executeUpdate(ResultSetReturnImpl.java:175) ~[hibernate-core-5.2.17.Final.jar:5.2.17.Final]
	at org.hibernate.persister.entity.AbstractEntityPersister.update(AbstractEntityPersister.java:3217) ~[hibernate-core-5.2.17.Final.jar:5.2.17.Final]
	at org.hibernate.persister.entity.AbstractEntityPersister.updateOrInsert(AbstractEntityPersister.java:3090) ~[hibernate-core-5.2.17.Final.jar:5.2.17.Final]
	at org.hibernate.persister.entity.AbstractEntityPersister.update(AbstractEntityPersister.java:3491) ~[hibernate-core-5.2.17.Final.jar:5.2.17.Final]
	at org.hibernate.action.internal.EntityUpdateAction.execute(EntityUpdateAction.java:145) ~[hibernate-core-5.2.17.Final.jar:5.2.17.Final]
	at org.hibernate.engine.spi.ActionQueue.executeActions(ActionQueue.java:600) ~[hibernate-core-5.2.17.Final.jar:5.2.17.Final]
	at org.hibernate.engine.spi.ActionQueue.executeActions(ActionQueue.java:474) ~[hibernate-core-5.2.17.Final.jar:5.2.17.Final]
	at org.hibernate.event.internal.AbstractFlushingEventListener.performExecutions(AbstractFlushingEventListener.java:337) ~[hibernate-core-5.2.17.Final.jar:5.2.17.Final]
	at org.hibernate.event.internal.DefaultAutoFlushEventListener.onAutoFlush(DefaultAutoFlushEventListener.java:50) ~[hibernate-core-5.2.17.Final.jar:5.2.17.Final]
	at org.hibernate.internal.SessionImpl.autoFlushIfRequired(SessionImpl.java:1398) ~[hibernate-core-5.2.17.Final.jar:5.2.17.Final]
	at org.hibernate.internal.SessionImpl.list(SessionImpl.java:1483) ~[hibernate-core-5.2.17.Final.jar:5.2.17.Final]
	at org.hibernate.query.internal.AbstractProducedQuery.doList(AbstractProducedQuery.java:1445) ~[hibernate-core-5.2.17.Final.jar:5.2.17.Final]
	at org.hibernate.query.internal.AbstractProducedQuery.list(AbstractProducedQuery.java:1414) ~[hibernate-core-5.2.17.Final.jar:5.2.17.Final]
	at org.hibernate.query.Query.getResultList(Query.java:146) ~[hibernate-core-5.2.17.Final.jar:5.2.17.Final]
	at com.union.app.dao.spi.AppDaoService.querySingleEntity(AppDaoService.java:55) ~[classes/:?]
	at com.union.app.service.pk.service.UserInfoService.获取ApplyOrderEntity(UserInfoService.java:161) ~[classes/:?]
	at com.union.app.service.pk.service.UserInfoService.查询审核订单(UserInfoService.java:178) ~[classes/:?]
	at com.union.app.api.share.榜主审核.orderConfirm(榜主审核.java:93) ~[classes/:?]
	at com.union.app.api.share.榜主审核$$FastClassBySpringCGLIB$$e86b5ad2.invoke(<generated>) ~[classes/:?]
	at org.springframework.cglib.proxy.MethodProxy.invoke(MethodProxy.java:204) ~[spring-core-5.0.10.RELEASE.jar:5.0.10.RELEASE]
	at org.springframework.aop.framework.CglibAopProxy$CglibMethodInvocation.invokeJoinpoint(CglibAopProxy.java:746) ~[spring-aop-5.0.10.RELEASE.jar:5.0.10.RELEASE]
	at org.springframework.aop.framework.ReflectiveMethodInvocation.proceed(ReflectiveMethodInvocation.java:163) ~[spring-aop-5.0.10.RELEASE.jar:5.0.10.RELEASE]
	at org.springframework.transaction.interceptor.TransactionAspectSupport.invokeWithinTransaction(TransactionAspectSupport.java:294) [spring-tx-5.0.10.RELEASE.jar:5.0.10.RELEASE]
	at org.springframework.transaction.interceptor.TransactionInterceptor.invoke(TransactionInterceptor.java:98) [spring-tx-5.0.10.RELEASE.jar:5.0.10.RELEASE]
	at org.springframework.aop.framework.ReflectiveMethodInvocation.proceed(ReflectiveMethodInvocation.java:185) [spring-aop-5.0.10.RELEASE.jar:5.0.10.RELEASE]
	at org.springframework.aop.framework.CglibAopProxy$DynamicAdvisedInterceptor.intercept(CglibAopProxy.java:688) [spring-aop-5.0.10.RELEASE.jar:5.0.10.RELEASE]
	at com.union.app.api.share.榜主审核$$EnhancerBySpringCGLIB$$27187309.orderConfirm(<generated>) [classes/:?]
	at sun.reflect.NativeMethodAccessorImpl.invoke0(Native Method) ~[?:1.8.0_161]
	at sun.reflect.NativeMethodAccessorImpl.invoke(NativeMethodAccessorImpl.java:62) ~[?:1.8.0_161]
	at sun.reflect.DelegatingMethodAccessorImpl.invoke(DelegatingMethodAccessorImpl.java:43) ~[?:1.8.0_161]
	at java.lang.reflect.Method.invoke(Method.java:498) ~[?:1.8.0_161]
	at org.springframework.web.method.support.InvocableHandlerMethod.doInvoke(InvocableHandlerMethod.java:209) [spring-web-5.0.10.RELEASE.jar:5.0.10.RELEASE]
	at org.springframework.web.method.support.InvocableHandlerMethod.invokeForRequest(InvocableHandlerMethod.java:136) [spring-web-5.0.10.RELEASE.jar:5.0.10.RELEASE]
	at org.springframework.web.servlet.mvc.method.annotation.ServletInvocableHandlerMethod.invokeAndHandle(ServletInvocableHandlerMethod.java:102) [spring-webmvc-5.0.10.RELEASE.jar:5.0.10.RELEASE]
	at org.springframework.web.servlet.mvc.method.annotation.RequestMappingHandlerAdapter.invokeHandlerMethod(RequestMappingHandlerAdapter.java:891) [spring-webmvc-5.0.10.RELEASE.jar:5.0.10.RELEASE]
	at org.springframework.web.servlet.mvc.method.annotation.RequestMappingHandlerAdapter.handleInternal(RequestMappingHandlerAdapter.java:797) [spring-webmvc-5.0.10.RELEASE.jar:5.0.10.RELEASE]
	at org.springframework.web.servlet.mvc.method.AbstractHandlerMethodAdapter.handle(AbstractHandlerMethodAdapter.java:87) [spring-webmvc-5.0.10.RELEASE.jar:5.0.10.RELEASE]
	at org.springframework.web.servlet.DispatcherServlet.doDispatch(DispatcherServlet.java:991) [spring-webmvc-5.0.10.RELEASE.jar:5.0.10.RELEASE]
	at org.springframework.web.servlet.DispatcherServlet.doService(DispatcherServlet.java:925) [spring-webmvc-5.0.10.RELEASE.jar:5.0.10.RELEASE]
	at org.springframework.web.servlet.FrameworkServlet.processRequest(FrameworkServlet.java:974) [spring-webmvc-5.0.10.RELEASE.jar:5.0.10.RELEASE]
	at org.springframework.web.servlet.FrameworkServlet.doGet(FrameworkServlet.java:866) [spring-webmvc-5.0.10.RELEASE.jar:5.0.10.RELEASE]
	at javax.servlet.http.HttpServlet.service(HttpServlet.java:635) [tomcat-embed-core-8.5.34.jar:8.5.34]
	at org.springframework.web.servlet.FrameworkServlet.service(FrameworkServlet.java:851) [spring-webmvc-5.0.10.RELEASE.jar:5.0.10.RELEASE]
	at javax.servlet.http.HttpServlet.service(HttpServlet.java:742) [tomcat-embed-core-8.5.34.jar:8.5.34]
	at org.apache.catalina.core.ApplicationFilterChain.internalDoFilter(ApplicationFilterChain.java:231) [tomcat-embed-core-8.5.34.jar:8.5.34]
	at org.apache.catalina.core.ApplicationFilterChain.doFilter(ApplicationFilterChain.java:166) [tomcat-embed-core-8.5.34.jar:8.5.34]
	at org.apache.tomcat.websocket.server.WsFilter.doFilter(WsFilter.java:52) [tomcat-embed-websocket-8.5.34.jar:8.5.34]
	at org.apache.catalina.core.ApplicationFilterChain.internalDoFilter(ApplicationFilterChain.java:193) [tomcat-embed-core-8.5.34.jar:8.5.34]
	at org.apache.catalina.core.ApplicationFilterChain.doFilter(ApplicationFilterChain.java:166) [tomcat-embed-core-8.5.34.jar:8.5.34]
	at com.alibaba.druid.support.http.WebStatFilter.doFilter(WebStatFilter.java:124) [druid-1.1.21.jar:1.1.21]
	at org.apache.catalina.core.ApplicationFilterChain.internalDoFilter(ApplicationFilterChain.java:193) [tomcat-embed-core-8.5.34.jar:8.5.34]
	at org.apache.catalina.core.ApplicationFilterChain.doFilter(ApplicationFilterChain.java:166) [tomcat-embed-core-8.5.34.jar:8.5.34]
	at org.springframework.web.filter.RequestContextFilter.doFilterInternal(RequestContextFilter.java:99) [spring-web-5.0.10.RELEASE.jar:5.0.10.RELEASE]
	at org.springframework.web.filter.OncePerRequestFilter.doFilter(OncePerRequestFilter.java:107) [spring-web-5.0.10.RELEASE.jar:5.0.10.RELEASE]
	at org.apache.catalina.core.ApplicationFilterChain.internalDoFilter(ApplicationFilterChain.java:193) [tomcat-embed-core-8.5.34.jar:8.5.34]
	at org.apache.catalina.core.ApplicationFilterChain.doFilter(ApplicationFilterChain.java:166) [tomcat-embed-core-8.5.34.jar:8.5.34]
	at org.springframework.web.filter.HttpPutFormContentFilter.doFilterInternal(HttpPutFormContentFilter.java:109) [spring-web-5.0.10.RELEASE.jar:5.0.10.RELEASE]
	at org.springframework.web.filter.OncePerRequestFilter.doFilter(OncePerRequestFilter.java:107) [spring-web-5.0.10.RELEASE.jar:5.0.10.RELEASE]
	at org.apache.catalina.core.ApplicationFilterChain.internalDoFilter(ApplicationFilterChain.java:193) [tomcat-embed-core-8.5.34.jar:8.5.34]
	at org.apache.catalina.core.ApplicationFilterChain.doFilter(ApplicationFilterChain.java:166) [tomcat-embed-core-8.5.34.jar:8.5.34]
	at org.springframework.web.filter.HiddenHttpMethodFilter.doFilterInternal(HiddenHttpMethodFilter.java:93) [spring-web-5.0.10.RELEASE.jar:5.0.10.RELEASE]
	at org.springframework.web.filter.OncePerRequestFilter.doFilter(OncePerRequestFilter.java:107) [spring-web-5.0.10.RELEASE.jar:5.0.10.RELEASE]
	at org.apache.catalina.core.ApplicationFilterChain.internalDoFilter(ApplicationFilterChain.java:193) [tomcat-embed-core-8.5.34.jar:8.5.34]
	at org.apache.catalina.core.ApplicationFilterChain.doFilter(ApplicationFilterChain.java:166) [tomcat-embed-core-8.5.34.jar:8.5.34]
	at org.springframework.web.filter.CharacterEncodingFilter.doFilterInternal(CharacterEncodingFilter.java:200) [spring-web-5.0.10.RELEASE.jar:5.0.10.RELEASE]
	at org.springframework.web.filter.OncePerRequestFilter.doFilter(OncePerRequestFilter.java:107) [spring-web-5.0.10.RELEASE.jar:5.0.10.RELEASE]
	at org.apache.catalina.core.ApplicationFilterChain.internalDoFilter(ApplicationFilterChain.java:193) [tomcat-embed-core-8.5.34.jar:8.5.34]
	at org.apache.catalina.core.ApplicationFilterChain.doFilter(ApplicationFilterChain.java:166) [tomcat-embed-core-8.5.34.jar:8.5.34]
	at org.apache.catalina.core.StandardWrapperValve.invoke(StandardWrapperValve.java:198) [tomcat-embed-core-8.5.34.jar:8.5.34]
	at org.apache.catalina.core.StandardContextValve.invoke(StandardContextValve.java:96) [tomcat-embed-core-8.5.34.jar:8.5.34]
	at org.apache.catalina.authenticator.AuthenticatorBase.invoke(AuthenticatorBase.java:493) [tomcat-embed-core-8.5.34.jar:8.5.34]
	at org.apache.catalina.core.StandardHostValve.invoke(StandardHostValve.java:140) [tomcat-embed-core-8.5.34.jar:8.5.34]
	at org.apache.catalina.valves.ErrorReportValve.invoke(ErrorReportValve.java:81) [tomcat-embed-core-8.5.34.jar:8.5.34]
	at org.apache.catalina.core.StandardEngineValve.invoke(StandardEngineValve.java:87) [tomcat-embed-core-8.5.34.jar:8.5.34]
	at org.apache.catalina.connector.CoyoteAdapter.service(CoyoteAdapter.java:342) [tomcat-embed-core-8.5.34.jar:8.5.34]
	at org.apache.coyote.http11.Http11Processor.service(Http11Processor.java:800) [tomcat-embed-core-8.5.34.jar:8.5.34]
	at org.apache.coyote.AbstractProcessorLight.process(AbstractProcessorLight.java:66) [tomcat-embed-core-8.5.34.jar:8.5.34]
	at org.apache.coyote.AbstractProtocol$ConnectionHandler.process(AbstractProtocol.java:806) [tomcat-embed-core-8.5.34.jar:8.5.34]
	at org.apache.tomcat.util.net.NioEndpoint$SocketProcessor.doRun(NioEndpoint.java:1498) [tomcat-embed-core-8.5.34.jar:8.5.34]
	at org.apache.tomcat.util.net.SocketProcessorBase.run(SocketProcessorBase.java:49) [tomcat-embed-core-8.5.34.jar:8.5.34]
	at java.util.concurrent.ThreadPoolExecutor.runWorker(ThreadPoolExecutor.java:1149) [?:1.8.0_161]
	at java.util.concurrent.ThreadPoolExecutor$Worker.run(ThreadPoolExecutor.java:624) [?:1.8.0_161]
	at org.apache.tomcat.util.threads.TaskThread$WrappingRunnable.run(TaskThread.java:61) [tomcat-embed-core-8.5.34.jar:8.5.34]
	at java.lang.Thread.run(Thread.java:748) [?:1.8.0_161]
[13:28:11:805]|[ERROR]|com.alibaba.druid.filter.logging.Log4j2Filter|statementLogError|{conn-5110005, pstmt-5120016} execute error. update t_apply_order set complain=?, order_cut=?, order_statu=?, pk_id=?, user_id=? where order_id=?
java.sql.SQLException: Incorrect integer value: '订单确认中' for column 'order_statu' at row 1
	at com.mysql.cj.jdbc.exceptions.SQLError.createSQLException(SQLError.java:127) ~[mysql-connector-java-8.0.11.jar:8.0.11]
	at com.mysql.cj.jdbc.exceptions.SQLError.createSQLException(SQLError.java:95) ~[mysql-connector-java-8.0.11.jar:8.0.11]
	at com.mysql.cj.jdbc.exceptions.SQLExceptionsMapping.translateException(SQLExceptionsMapping.java:122) ~[mysql-connector-java-8.0.11.jar:8.0.11]
	at com.mysql.cj.jdbc.ClientPreparedStatement.executeInternal(ClientPreparedStatement.java:960) ~[mysql-connector-java-8.0.11.jar:8.0.11]
	at com.mysql.cj.jdbc.ClientPreparedStatement.executeUpdateInternal(ClientPreparedStatement.java:1116) ~[mysql-connector-java-8.0.11.jar:8.0.11]
	at com.mysql.cj.jdbc.ClientPreparedStatement.executeUpdateInternal(ClientPreparedStatement.java:1066) ~[mysql-connector-java-8.0.11.jar:8.0.11]
	at com.mysql.cj.jdbc.ClientPreparedStatement.executeLargeUpdate(ClientPreparedStatement.java:1396) ~[mysql-connector-java-8.0.11.jar:8.0.11]
	at com.mysql.cj.jdbc.ClientPreparedStatement.executeUpdate(ClientPreparedStatement.java:1051) ~[mysql-connector-java-8.0.11.jar:8.0.11]
	at com.alibaba.druid.filter.FilterChainImpl.preparedStatement_executeUpdate(FilterChainImpl.java:3253) ~[druid-1.1.21.jar:1.1.21]
	at com.alibaba.druid.filter.FilterAdapter.preparedStatement_executeUpdate(FilterAdapter.java:1092) ~[druid-1.1.21.jar:1.1.21]
	at com.alibaba.druid.filter.FilterEventAdapter.preparedStatement_executeUpdate(FilterEventAdapter.java:491) ~[druid-1.1.21.jar:1.1.21]
	at com.alibaba.druid.filter.FilterChainImpl.preparedStatement_executeUpdate(FilterChainImpl.java:3251) ~[druid-1.1.21.jar:1.1.21]
	at com.alibaba.druid.wall.WallFilter.preparedStatement_executeUpdate(WallFilter.java:662) ~[druid-1.1.21.jar:1.1.21]
	at com.alibaba.druid.filter.FilterChainImpl.preparedStatement_executeUpdate(FilterChainImpl.java:3251) ~[druid-1.1.21.jar:1.1.21]
	at com.alibaba.druid.filter.FilterAdapter.preparedStatement_executeUpdate(FilterAdapter.java:1092) ~[druid-1.1.21.jar:1.1.21]
	at com.alibaba.druid.filter.FilterEventAdapter.preparedStatement_executeUpdate(FilterEventAdapter.java:491) ~[druid-1.1.21.jar:1.1.21]
	at com.alibaba.druid.filter.FilterChainImpl.preparedStatement_executeUpdate(FilterChainImpl.java:3251) ~[druid-1.1.21.jar:1.1.21]
	at com.alibaba.druid.proxy.jdbc.PreparedStatementProxyImpl.executeUpdate(PreparedStatementProxyImpl.java:194) ~[druid-1.1.21.jar:1.1.21]
	at com.alibaba.druid.pool.DruidPooledPreparedStatement.executeUpdate(DruidPooledPreparedStatement.java:255) ~[druid-1.1.21.jar:1.1.21]
	at org.hibernate.engine.jdbc.internal.ResultSetReturnImpl.executeUpdate(ResultSetReturnImpl.java:175) ~[hibernate-core-5.2.17.Final.jar:5.2.17.Final]
	at org.hibernate.persister.entity.AbstractEntityPersister.update(AbstractEntityPersister.java:3217) ~[hibernate-core-5.2.17.Final.jar:5.2.17.Final]
	at org.hibernate.persister.entity.AbstractEntityPersister.updateOrInsert(AbstractEntityPersister.java:3090) ~[hibernate-core-5.2.17.Final.jar:5.2.17.Final]
	at org.hibernate.persister.entity.AbstractEntityPersister.update(AbstractEntityPersister.java:3491) ~[hibernate-core-5.2.17.Final.jar:5.2.17.Final]
	at org.hibernate.action.internal.EntityUpdateAction.execute(EntityUpdateAction.java:145) ~[hibernate-core-5.2.17.Final.jar:5.2.17.Final]
	at org.hibernate.engine.spi.ActionQueue.executeActions(ActionQueue.java:600) ~[hibernate-core-5.2.17.Final.jar:5.2.17.Final]
	at org.hibernate.engine.spi.ActionQueue.executeActions(ActionQueue.java:474) ~[hibernate-core-5.2.17.Final.jar:5.2.17.Final]
	at org.hibernate.event.internal.AbstractFlushingEventListener.performExecutions(AbstractFlushingEventListener.java:337) ~[hibernate-core-5.2.17.Final.jar:5.2.17.Final]
	at org.hibernate.event.internal.DefaultAutoFlushEventListener.onAutoFlush(DefaultAutoFlushEventListener.java:50) ~[hibernate-core-5.2.17.Final.jar:5.2.17.Final]
	at org.hibernate.internal.SessionImpl.autoFlushIfRequired(SessionImpl.java:1398) ~[hibernate-core-5.2.17.Final.jar:5.2.17.Final]
	at org.hibernate.internal.SessionImpl.list(SessionImpl.java:1483) ~[hibernate-core-5.2.17.Final.jar:5.2.17.Final]
	at org.hibernate.query.internal.AbstractProducedQuery.doList(AbstractProducedQuery.java:1445) ~[hibernate-core-5.2.17.Final.jar:5.2.17.Final]
	at org.hibernate.query.internal.AbstractProducedQuery.list(AbstractProducedQuery.java:1414) ~[hibernate-core-5.2.17.Final.jar:5.2.17.Final]
	at org.hibernate.query.Query.getResultList(Query.java:146) ~[hibernate-core-5.2.17.Final.jar:5.2.17.Final]
	at com.union.app.dao.spi.AppDaoService.querySingleEntity(AppDaoService.java:55) ~[classes/:?]
	at com.union.app.service.pk.service.UserInfoService.获取ApplyOrderEntity(UserInfoService.java:161) ~[classes/:?]
	at com.union.app.service.pk.service.UserInfoService.查询审核订单(UserInfoService.java:178) ~[classes/:?]
	at com.union.app.api.share.榜主审核.orderConfirm(榜主审核.java:93) ~[classes/:?]
	at com.union.app.api.share.榜主审核$$FastClassBySpringCGLIB$$e86b5ad2.invoke(<generated>) ~[classes/:?]
	at org.springframework.cglib.proxy.MethodProxy.invoke(MethodProxy.java:204) ~[spring-core-5.0.10.RELEASE.jar:5.0.10.RELEASE]
	at org.springframework.aop.framework.CglibAopProxy$CglibMethodInvocation.invokeJoinpoint(CglibAopProxy.java:746) ~[spring-aop-5.0.10.RELEASE.jar:5.0.10.RELEASE]
	at org.springframework.aop.framework.ReflectiveMethodInvocation.proceed(ReflectiveMethodInvocation.java:163) ~[spring-aop-5.0.10.RELEASE.jar:5.0.10.RELEASE]
	at org.springframework.transaction.interceptor.TransactionAspectSupport.invokeWithinTransaction(TransactionAspectSupport.java:294) [spring-tx-5.0.10.RELEASE.jar:5.0.10.RELEASE]
	at org.springframework.transaction.interceptor.TransactionInterceptor.invoke(TransactionInterceptor.java:98) [spring-tx-5.0.10.RELEASE.jar:5.0.10.RELEASE]
	at org.springframework.aop.framework.ReflectiveMethodInvocation.proceed(ReflectiveMethodInvocation.java:185) [spring-aop-5.0.10.RELEASE.jar:5.0.10.RELEASE]
	at org.springframework.aop.framework.CglibAopProxy$DynamicAdvisedInterceptor.intercept(CglibAopProxy.java:688) [spring-aop-5.0.10.RELEASE.jar:5.0.10.RELEASE]
	at com.union.app.api.share.榜主审核$$EnhancerBySpringCGLIB$$27187309.orderConfirm(<generated>) [classes/:?]
	at sun.reflect.NativeMethodAccessorImpl.invoke0(Native Method) ~[?:1.8.0_161]
	at sun.reflect.NativeMethodAccessorImpl.invoke(NativeMethodAccessorImpl.java:62) ~[?:1.8.0_161]
	at sun.reflect.DelegatingMethodAccessorImpl.invoke(DelegatingMethodAccessorImpl.java:43) ~[?:1.8.0_161]
	at java.lang.reflect.Method.invoke(Method.java:498) ~[?:1.8.0_161]
	at org.springframework.web.method.support.InvocableHandlerMethod.doInvoke(InvocableHandlerMethod.java:209) [spring-web-5.0.10.RELEASE.jar:5.0.10.RELEASE]
	at org.springframework.web.method.support.InvocableHandlerMethod.invokeForRequest(InvocableHandlerMethod.java:136) [spring-web-5.0.10.RELEASE.jar:5.0.10.RELEASE]
	at org.springframework.web.servlet.mvc.method.annotation.ServletInvocableHandlerMethod.invokeAndHandle(ServletInvocableHandlerMethod.java:102) [spring-webmvc-5.0.10.RELEASE.jar:5.0.10.RELEASE]
	at org.springframework.web.servlet.mvc.method.annotation.RequestMappingHandlerAdapter.invokeHandlerMethod(RequestMappingHandlerAdapter.java:891) [spring-webmvc-5.0.10.RELEASE.jar:5.0.10.RELEASE]
	at org.springframework.web.servlet.mvc.method.annotation.RequestMappingHandlerAdapter.handleInternal(RequestMappingHandlerAdapter.java:797) [spring-webmvc-5.0.10.RELEASE.jar:5.0.10.RELEASE]
	at org.springframework.web.servlet.mvc.method.AbstractHandlerMethodAdapter.handle(AbstractHandlerMethodAdapter.java:87) [spring-webmvc-5.0.10.RELEASE.jar:5.0.10.RELEASE]
	at org.springframework.web.servlet.DispatcherServlet.doDispatch(DispatcherServlet.java:991) [spring-webmvc-5.0.10.RELEASE.jar:5.0.10.RELEASE]
	at org.springframework.web.servlet.DispatcherServlet.doService(DispatcherServlet.java:925) [spring-webmvc-5.0.10.RELEASE.jar:5.0.10.RELEASE]
	at org.springframework.web.servlet.FrameworkServlet.processRequest(FrameworkServlet.java:974) [spring-webmvc-5.0.10.RELEASE.jar:5.0.10.RELEASE]
	at org.springframework.web.servlet.FrameworkServlet.doGet(FrameworkServlet.java:866) [spring-webmvc-5.0.10.RELEASE.jar:5.0.10.RELEASE]
	at javax.servlet.http.HttpServlet.service(HttpServlet.java:635) [tomcat-embed-core-8.5.34.jar:8.5.34]
	at org.springframework.web.servlet.FrameworkServlet.service(FrameworkServlet.java:851) [spring-webmvc-5.0.10.RELEASE.jar:5.0.10.RELEASE]
	at javax.servlet.http.HttpServlet.service(HttpServlet.java:742) [tomcat-embed-core-8.5.34.jar:8.5.34]
	at org.apache.catalina.core.ApplicationFilterChain.internalDoFilter(ApplicationFilterChain.java:231) [tomcat-embed-core-8.5.34.jar:8.5.34]
	at org.apache.catalina.core.ApplicationFilterChain.doFilter(ApplicationFilterChain.java:166) [tomcat-embed-core-8.5.34.jar:8.5.34]
	at org.apache.tomcat.websocket.server.WsFilter.doFilter(WsFilter.java:52) [tomcat-embed-websocket-8.5.34.jar:8.5.34]
	at org.apache.catalina.core.ApplicationFilterChain.internalDoFilter(ApplicationFilterChain.java:193) [tomcat-embed-core-8.5.34.jar:8.5.34]
	at org.apache.catalina.core.ApplicationFilterChain.doFilter(ApplicationFilterChain.java:166) [tomcat-embed-core-8.5.34.jar:8.5.34]
	at com.alibaba.druid.support.http.WebStatFilter.doFilter(WebStatFilter.java:124) [druid-1.1.21.jar:1.1.21]
	at org.apache.catalina.core.ApplicationFilterChain.internalDoFilter(ApplicationFilterChain.java:193) [tomcat-embed-core-8.5.34.jar:8.5.34]
	at org.apache.catalina.core.ApplicationFilterChain.doFilter(ApplicationFilterChain.java:166) [tomcat-embed-core-8.5.34.jar:8.5.34]
	at org.springframework.web.filter.RequestContextFilter.doFilterInternal(RequestContextFilter.java:99) [spring-web-5.0.10.RELEASE.jar:5.0.10.RELEASE]
	at org.springframework.web.filter.OncePerRequestFilter.doFilter(OncePerRequestFilter.java:107) [spring-web-5.0.10.RELEASE.jar:5.0.10.RELEASE]
	at org.apache.catalina.core.ApplicationFilterChain.internalDoFilter(ApplicationFilterChain.java:193) [tomcat-embed-core-8.5.34.jar:8.5.34]
	at org.apache.catalina.core.ApplicationFilterChain.doFilter(ApplicationFilterChain.java:166) [tomcat-embed-core-8.5.34.jar:8.5.34]
	at org.springframework.web.filter.HttpPutFormContentFilter.doFilterInternal(HttpPutFormContentFilter.java:109) [spring-web-5.0.10.RELEASE.jar:5.0.10.RELEASE]
	at org.springframework.web.filter.OncePerRequestFilter.doFilter(OncePerRequestFilter.java:107) [spring-web-5.0.10.RELEASE.jar:5.0.10.RELEASE]
	at org.apache.catalina.core.ApplicationFilterChain.internalDoFilter(ApplicationFilterChain.java:193) [tomcat-embed-core-8.5.34.jar:8.5.34]
	at org.apache.catalina.core.ApplicationFilterChain.doFilter(ApplicationFilterChain.java:166) [tomcat-embed-core-8.5.34.jar:8.5.34]
	at org.springframework.web.filter.HiddenHttpMethodFilter.doFilterInternal(HiddenHttpMethodFilter.java:93) [spring-web-5.0.10.RELEASE.jar:5.0.10.RELEASE]
	at org.springframework.web.filter.OncePerRequestFilter.doFilter(OncePerRequestFilter.java:107) [spring-web-5.0.10.RELEASE.jar:5.0.10.RELEASE]
	at org.apache.catalina.core.ApplicationFilterChain.internalDoFilter(ApplicationFilterChain.java:193) [tomcat-embed-core-8.5.34.jar:8.5.34]
	at org.apache.catalina.core.ApplicationFilterChain.doFilter(ApplicationFilterChain.java:166) [tomcat-embed-core-8.5.34.jar:8.5.34]
	at org.springframework.web.filter.CharacterEncodingFilter.doFilterInternal(CharacterEncodingFilter.java:200) [spring-web-5.0.10.RELEASE.jar:5.0.10.RELEASE]
	at org.springframework.web.filter.OncePerRequestFilter.doFilter(OncePerRequestFilter.java:107) [spring-web-5.0.10.RELEASE.jar:5.0.10.RELEASE]
	at org.apache.catalina.core.ApplicationFilterChain.internalDoFilter(ApplicationFilterChain.java:193) [tomcat-embed-core-8.5.34.jar:8.5.34]
	at org.apache.catalina.core.ApplicationFilterChain.doFilter(ApplicationFilterChain.java:166) [tomcat-embed-core-8.5.34.jar:8.5.34]
	at org.apache.catalina.core.StandardWrapperValve.invoke(StandardWrapperValve.java:198) [tomcat-embed-core-8.5.34.jar:8.5.34]
	at org.apache.catalina.core.StandardContextValve.invoke(StandardContextValve.java:96) [tomcat-embed-core-8.5.34.jar:8.5.34]
	at org.apache.catalina.authenticator.AuthenticatorBase.invoke(AuthenticatorBase.java:493) [tomcat-embed-core-8.5.34.jar:8.5.34]
	at org.apache.catalina.core.StandardHostValve.invoke(StandardHostValve.java:140) [tomcat-embed-core-8.5.34.jar:8.5.34]
	at org.apache.catalina.valves.ErrorReportValve.invoke(ErrorReportValve.java:81) [tomcat-embed-core-8.5.34.jar:8.5.34]
	at org.apache.catalina.core.StandardEngineValve.invoke(StandardEngineValve.java:87) [tomcat-embed-core-8.5.34.jar:8.5.34]
	at org.apache.catalina.connector.CoyoteAdapter.service(CoyoteAdapter.java:342) [tomcat-embed-core-8.5.34.jar:8.5.34]
	at org.apache.coyote.http11.Http11Processor.service(Http11Processor.java:800) [tomcat-embed-core-8.5.34.jar:8.5.34]
	at org.apache.coyote.AbstractProcessorLight.process(AbstractProcessorLight.java:66) [tomcat-embed-core-8.5.34.jar:8.5.34]
	at org.apache.coyote.AbstractProtocol$ConnectionHandler.process(AbstractProtocol.java:806) [tomcat-embed-core-8.5.34.jar:8.5.34]
	at org.apache.tomcat.util.net.NioEndpoint$SocketProcessor.doRun(NioEndpoint.java:1498) [tomcat-embed-core-8.5.34.jar:8.5.34]
	at org.apache.tomcat.util.net.SocketProcessorBase.run(SocketProcessorBase.java:49) [tomcat-embed-core-8.5.34.jar:8.5.34]
	at java.util.concurrent.ThreadPoolExecutor.runWorker(ThreadPoolExecutor.java:1149) [?:1.8.0_161]
	at java.util.concurrent.ThreadPoolExecutor$Worker.run(ThreadPoolExecutor.java:624) [?:1.8.0_161]
	at org.apache.tomcat.util.threads.TaskThread$WrappingRunnable.run(TaskThread.java:61) [tomcat-embed-core-8.5.34.jar:8.5.34]
	at java.lang.Thread.run(Thread.java:748) [?:1.8.0_161]
[13:29:41:884]|[ERROR]|com.alibaba.druid.filter.logging.Log4j2Filter|statementLogError|{conn-5110005, pstmt-5120011} execute error. select applyorder0_.order_id as order_id1_1_, applyorder0_.complain as complain2_1_, applyorder0_.order_cut as order_cu3_1_, applyorder0_.order_statu as order_st4_1_, applyorder0_.pk_id as pk_id5_1_, applyorder0_.user_id as user_id6_1_ from t_apply_order applyorder0_ where applyorder0_.pk_id=? and applyorder0_.user_id=?
java.sql.SQLSyntaxErrorException: Table 'meetfood.t_apply_order' doesn't exist
	at com.mysql.cj.jdbc.exceptions.SQLError.createSQLException(SQLError.java:118) ~[mysql-connector-java-8.0.11.jar:8.0.11]
	at com.mysql.cj.jdbc.exceptions.SQLError.createSQLException(SQLError.java:95) ~[mysql-connector-java-8.0.11.jar:8.0.11]
	at com.mysql.cj.jdbc.exceptions.SQLExceptionsMapping.translateException(SQLExceptionsMapping.java:122) ~[mysql-connector-java-8.0.11.jar:8.0.11]
	at com.mysql.cj.jdbc.ClientPreparedStatement.executeInternal(ClientPreparedStatement.java:960) ~[mysql-connector-java-8.0.11.jar:8.0.11]
	at com.mysql.cj.jdbc.ClientPreparedStatement.executeQuery(ClientPreparedStatement.java:1019) ~[mysql-connector-java-8.0.11.jar:8.0.11]
	at com.alibaba.druid.filter.FilterChainImpl.preparedStatement_executeQuery(FilterChainImpl.java:3240) ~[druid-1.1.21.jar:1.1.21]
	at com.alibaba.druid.filter.FilterEventAdapter.preparedStatement_executeQuery(FilterEventAdapter.java:465) [druid-1.1.21.jar:1.1.21]
	at com.alibaba.druid.filter.FilterChainImpl.preparedStatement_executeQuery(FilterChainImpl.java:3237) [druid-1.1.21.jar:1.1.21]
	at com.alibaba.druid.wall.WallFilter.preparedStatement_executeQuery(WallFilter.java:648) [druid-1.1.21.jar:1.1.21]
	at com.alibaba.druid.filter.FilterChainImpl.preparedStatement_executeQuery(FilterChainImpl.java:3237) [druid-1.1.21.jar:1.1.21]
	at com.alibaba.druid.filter.FilterEventAdapter.preparedStatement_executeQuery(FilterEventAdapter.java:465) [druid-1.1.21.jar:1.1.21]
	at com.alibaba.druid.filter.FilterChainImpl.preparedStatement_executeQuery(FilterChainImpl.java:3237) [druid-1.1.21.jar:1.1.21]
	at com.alibaba.druid.proxy.jdbc.PreparedStatementProxyImpl.executeQuery(PreparedStatementProxyImpl.java:181) [druid-1.1.21.jar:1.1.21]
	at com.alibaba.druid.pool.DruidPooledPreparedStatement.executeQuery(DruidPooledPreparedStatement.java:227) [druid-1.1.21.jar:1.1.21]
	at org.hibernate.engine.jdbc.internal.ResultSetReturnImpl.extract(ResultSetReturnImpl.java:60) [hibernate-core-5.2.17.Final.jar:5.2.17.Final]
	at org.hibernate.loader.Loader.getResultSet(Loader.java:2168) [hibernate-core-5.2.17.Final.jar:5.2.17.Final]
	at org.hibernate.loader.Loader.executeQueryStatement(Loader.java:1931) [hibernate-core-5.2.17.Final.jar:5.2.17.Final]
	at org.hibernate.loader.Loader.executeQueryStatement(Loader.java:1893) [hibernate-core-5.2.17.Final.jar:5.2.17.Final]
	at org.hibernate.loader.Loader.doQuery(Loader.java:938) [hibernate-core-5.2.17.Final.jar:5.2.17.Final]
	at org.hibernate.loader.Loader.doQueryAndInitializeNonLazyCollections(Loader.java:341) [hibernate-core-5.2.17.Final.jar:5.2.17.Final]
	at org.hibernate.loader.Loader.doList(Loader.java:2692) [hibernate-core-5.2.17.Final.jar:5.2.17.Final]
	at org.hibernate.loader.Loader.doList(Loader.java:2675) [hibernate-core-5.2.17.Final.jar:5.2.17.Final]
	at org.hibernate.loader.Loader.listIgnoreQueryCache(Loader.java:2507) [hibernate-core-5.2.17.Final.jar:5.2.17.Final]
	at org.hibernate.loader.Loader.list(Loader.java:2502) [hibernate-core-5.2.17.Final.jar:5.2.17.Final]
	at org.hibernate.loader.hql.QueryLoader.list(QueryLoader.java:502) [hibernate-core-5.2.17.Final.jar:5.2.17.Final]
	at org.hibernate.hql.internal.ast.QueryTranslatorImpl.list(QueryTranslatorImpl.java:392) [hibernate-core-5.2.17.Final.jar:5.2.17.Final]
	at org.hibernate.engine.query.spi.HQLQueryPlan.performList(HQLQueryPlan.java:216) [hibernate-core-5.2.17.Final.jar:5.2.17.Final]
	at org.hibernate.internal.SessionImpl.list(SessionImpl.java:1490) [hibernate-core-5.2.17.Final.jar:5.2.17.Final]
	at org.hibernate.query.internal.AbstractProducedQuery.doList(AbstractProducedQuery.java:1445) [hibernate-core-5.2.17.Final.jar:5.2.17.Final]
	at org.hibernate.query.internal.AbstractProducedQuery.list(AbstractProducedQuery.java:1414) [hibernate-core-5.2.17.Final.jar:5.2.17.Final]
	at org.hibernate.query.Query.getResultList(Query.java:146) [hibernate-core-5.2.17.Final.jar:5.2.17.Final]
	at com.union.app.dao.spi.AppDaoService.querySingleEntity(AppDaoService.java:55) [classes/:?]
	at com.union.app.service.pk.service.UserInfoService.获取ApplyOrderEntity(UserInfoService.java:161) [classes/:?]
	at com.union.app.service.pk.service.UserInfoService.查询审核订单(UserInfoService.java:178) [classes/:?]
	at com.union.app.api.share.榜主审核.getApplyOrder(榜主审核.java:64) [classes/:?]
	at com.union.app.api.share.榜主审核$$FastClassBySpringCGLIB$$e86b5ad2.invoke(<generated>) [classes/:?]
	at org.springframework.cglib.proxy.MethodProxy.invoke(MethodProxy.java:204) [spring-core-5.0.10.RELEASE.jar:5.0.10.RELEASE]
	at org.springframework.aop.framework.CglibAopProxy$DynamicAdvisedInterceptor.intercept(CglibAopProxy.java:684) [spring-aop-5.0.10.RELEASE.jar:5.0.10.RELEASE]
	at com.union.app.api.share.榜主审核$$EnhancerBySpringCGLIB$$27187309.getApplyOrder(<generated>) [classes/:?]
	at sun.reflect.NativeMethodAccessorImpl.invoke0(Native Method) ~[?:1.8.0_161]
	at sun.reflect.NativeMethodAccessorImpl.invoke(NativeMethodAccessorImpl.java:62) ~[?:1.8.0_161]
	at sun.reflect.DelegatingMethodAccessorImpl.invoke(DelegatingMethodAccessorImpl.java:43) ~[?:1.8.0_161]
	at java.lang.reflect.Method.invoke(Method.java:498) ~[?:1.8.0_161]
	at org.springframework.web.method.support.InvocableHandlerMethod.doInvoke(InvocableHandlerMethod.java:209) [spring-web-5.0.10.RELEASE.jar:5.0.10.RELEASE]
	at org.springframework.web.method.support.InvocableHandlerMethod.invokeForRequest(InvocableHandlerMethod.java:136) [spring-web-5.0.10.RELEASE.jar:5.0.10.RELEASE]
	at org.springframework.web.servlet.mvc.method.annotation.ServletInvocableHandlerMethod.invokeAndHandle(ServletInvocableHandlerMethod.java:102) [spring-webmvc-5.0.10.RELEASE.jar:5.0.10.RELEASE]
	at org.springframework.web.servlet.mvc.method.annotation.RequestMappingHandlerAdapter.invokeHandlerMethod(RequestMappingHandlerAdapter.java:891) [spring-webmvc-5.0.10.RELEASE.jar:5.0.10.RELEASE]
	at org.springframework.web.servlet.mvc.method.annotation.RequestMappingHandlerAdapter.handleInternal(RequestMappingHandlerAdapter.java:797) [spring-webmvc-5.0.10.RELEASE.jar:5.0.10.RELEASE]
	at org.springframework.web.servlet.mvc.method.AbstractHandlerMethodAdapter.handle(AbstractHandlerMethodAdapter.java:87) [spring-webmvc-5.0.10.RELEASE.jar:5.0.10.RELEASE]
	at org.springframework.web.servlet.DispatcherServlet.doDispatch(DispatcherServlet.java:991) [spring-webmvc-5.0.10.RELEASE.jar:5.0.10.RELEASE]
	at org.springframework.web.servlet.DispatcherServlet.doService(DispatcherServlet.java:925) [spring-webmvc-5.0.10.RELEASE.jar:5.0.10.RELEASE]
	at org.springframework.web.servlet.FrameworkServlet.processRequest(FrameworkServlet.java:974) [spring-webmvc-5.0.10.RELEASE.jar:5.0.10.RELEASE]
	at org.springframework.web.servlet.FrameworkServlet.doGet(FrameworkServlet.java:866) [spring-webmvc-5.0.10.RELEASE.jar:5.0.10.RELEASE]
	at javax.servlet.http.HttpServlet.service(HttpServlet.java:635) [tomcat-embed-core-8.5.34.jar:8.5.34]
	at org.springframework.web.servlet.FrameworkServlet.service(FrameworkServlet.java:851) [spring-webmvc-5.0.10.RELEASE.jar:5.0.10.RELEASE]
	at javax.servlet.http.HttpServlet.service(HttpServlet.java:742) [tomcat-embed-core-8.5.34.jar:8.5.34]
	at org.apache.catalina.core.ApplicationFilterChain.internalDoFilter(ApplicationFilterChain.java:231) [tomcat-embed-core-8.5.34.jar:8.5.34]
	at org.apache.catalina.core.ApplicationFilterChain.doFilter(ApplicationFilterChain.java:166) [tomcat-embed-core-8.5.34.jar:8.5.34]
	at org.apache.tomcat.websocket.server.WsFilter.doFilter(WsFilter.java:52) [tomcat-embed-websocket-8.5.34.jar:8.5.34]
	at org.apache.catalina.core.ApplicationFilterChain.internalDoFilter(ApplicationFilterChain.java:193) [tomcat-embed-core-8.5.34.jar:8.5.34]
	at org.apache.catalina.core.ApplicationFilterChain.doFilter(ApplicationFilterChain.java:166) [tomcat-embed-core-8.5.34.jar:8.5.34]
	at com.alibaba.druid.support.http.WebStatFilter.doFilter(WebStatFilter.java:124) [druid-1.1.21.jar:1.1.21]
	at org.apache.catalina.core.ApplicationFilterChain.internalDoFilter(ApplicationFilterChain.java:193) [tomcat-embed-core-8.5.34.jar:8.5.34]
	at org.apache.catalina.core.ApplicationFilterChain.doFilter(ApplicationFilterChain.java:166) [tomcat-embed-core-8.5.34.jar:8.5.34]
	at org.springframework.web.filter.RequestContextFilter.doFilterInternal(RequestContextFilter.java:99) [spring-web-5.0.10.RELEASE.jar:5.0.10.RELEASE]
	at org.springframework.web.filter.OncePerRequestFilter.doFilter(OncePerRequestFilter.java:107) [spring-web-5.0.10.RELEASE.jar:5.0.10.RELEASE]
	at org.apache.catalina.core.ApplicationFilterChain.internalDoFilter(ApplicationFilterChain.java:193) [tomcat-embed-core-8.5.34.jar:8.5.34]
	at org.apache.catalina.core.ApplicationFilterChain.doFilter(ApplicationFilterChain.java:166) [tomcat-embed-core-8.5.34.jar:8.5.34]
	at org.springframework.web.filter.HttpPutFormContentFilter.doFilterInternal(HttpPutFormContentFilter.java:109) [spring-web-5.0.10.RELEASE.jar:5.0.10.RELEASE]
	at org.springframework.web.filter.OncePerRequestFilter.doFilter(OncePerRequestFilter.java:107) [spring-web-5.0.10.RELEASE.jar:5.0.10.RELEASE]
	at org.apache.catalina.core.ApplicationFilterChain.internalDoFilter(ApplicationFilterChain.java:193) [tomcat-embed-core-8.5.34.jar:8.5.34]
	at org.apache.catalina.core.ApplicationFilterChain.doFilter(ApplicationFilterChain.java:166) [tomcat-embed-core-8.5.34.jar:8.5.34]
	at org.springframework.web.filter.HiddenHttpMethodFilter.doFilterInternal(HiddenHttpMethodFilter.java:93) [spring-web-5.0.10.RELEASE.jar:5.0.10.RELEASE]
	at org.springframework.web.filter.OncePerRequestFilter.doFilter(OncePerRequestFilter.java:107) [spring-web-5.0.10.RELEASE.jar:5.0.10.RELEASE]
	at org.apache.catalina.core.ApplicationFilterChain.internalDoFilter(ApplicationFilterChain.java:193) [tomcat-embed-core-8.5.34.jar:8.5.34]
	at org.apache.catalina.core.ApplicationFilterChain.doFilter(ApplicationFilterChain.java:166) [tomcat-embed-core-8.5.34.jar:8.5.34]
	at org.springframework.web.filter.CharacterEncodingFilter.doFilterInternal(CharacterEncodingFilter.java:200) [spring-web-5.0.10.RELEASE.jar:5.0.10.RELEASE]
	at org.springframework.web.filter.OncePerRequestFilter.doFilter(OncePerRequestFilter.java:107) [spring-web-5.0.10.RELEASE.jar:5.0.10.RELEASE]
	at org.apache.catalina.core.ApplicationFilterChain.internalDoFilter(ApplicationFilterChain.java:193) [tomcat-embed-core-8.5.34.jar:8.5.34]
	at org.apache.catalina.core.ApplicationFilterChain.doFilter(ApplicationFilterChain.java:166) [tomcat-embed-core-8.5.34.jar:8.5.34]
	at org.apache.catalina.core.StandardWrapperValve.invoke(StandardWrapperValve.java:198) [tomcat-embed-core-8.5.34.jar:8.5.34]
	at org.apache.catalina.core.StandardContextValve.invoke(StandardContextValve.java:96) [tomcat-embed-core-8.5.34.jar:8.5.34]
	at org.apache.catalina.authenticator.AuthenticatorBase.invoke(AuthenticatorBase.java:493) [tomcat-embed-core-8.5.34.jar:8.5.34]
	at org.apache.catalina.core.StandardHostValve.invoke(StandardHostValve.java:140) [tomcat-embed-core-8.5.34.jar:8.5.34]
	at org.apache.catalina.valves.ErrorReportValve.invoke(ErrorReportValve.java:81) [tomcat-embed-core-8.5.34.jar:8.5.34]
	at org.apache.catalina.core.StandardEngineValve.invoke(StandardEngineValve.java:87) [tomcat-embed-core-8.5.34.jar:8.5.34]
	at org.apache.catalina.connector.CoyoteAdapter.service(CoyoteAdapter.java:342) [tomcat-embed-core-8.5.34.jar:8.5.34]
	at org.apache.coyote.http11.Http11Processor.service(Http11Processor.java:800) [tomcat-embed-core-8.5.34.jar:8.5.34]
	at org.apache.coyote.AbstractProcessorLight.process(AbstractProcessorLight.java:66) [tomcat-embed-core-8.5.34.jar:8.5.34]
	at org.apache.coyote.AbstractProtocol$ConnectionHandler.process(AbstractProtocol.java:806) [tomcat-embed-core-8.5.34.jar:8.5.34]
	at org.apache.tomcat.util.net.NioEndpoint$SocketProcessor.doRun(NioEndpoint.java:1498) [tomcat-embed-core-8.5.34.jar:8.5.34]
	at org.apache.tomcat.util.net.SocketProcessorBase.run(SocketProcessorBase.java:49) [tomcat-embed-core-8.5.34.jar:8.5.34]
	at java.util.concurrent.ThreadPoolExecutor.runWorker(ThreadPoolExecutor.java:1149) [?:1.8.0_161]
	at java.util.concurrent.ThreadPoolExecutor$Worker.run(ThreadPoolExecutor.java:624) [?:1.8.0_161]
	at org.apache.tomcat.util.threads.TaskThread$WrappingRunnable.run(TaskThread.java:61) [tomcat-embed-core-8.5.34.jar:8.5.34]
	at java.lang.Thread.run(Thread.java:748) [?:1.8.0_161]
[20:08:43:705]|[ERROR]|com.alibaba.druid.filter.logging.Log4j2Filter|statementLogError|{conn-110005, pstmt-120001} execute error. select userdynami0_.id as id1_20_, userdynami0_.fee_img_statu as fee_img_2_20_, userdynami0_.fee_pay_url as fee_pay_3_20_, userdynami0_.phone as phone4_20_, userdynami0_.pk_id as pk_id5_20_, userdynami0_.user_id as user_id6_20_ from t_user_dynamic userdynami0_ where userdynami0_.pk_id=? and userdynami0_.user_id=?
java.sql.SQLSyntaxErrorException: Table 'meetfood.t_user_dynamic' doesn't exist
	at com.mysql.cj.jdbc.exceptions.SQLError.createSQLException(SQLError.java:118) ~[mysql-connector-java-8.0.11.jar:8.0.11]
	at com.mysql.cj.jdbc.exceptions.SQLError.createSQLException(SQLError.java:95) ~[mysql-connector-java-8.0.11.jar:8.0.11]
	at com.mysql.cj.jdbc.exceptions.SQLExceptionsMapping.translateException(SQLExceptionsMapping.java:122) ~[mysql-connector-java-8.0.11.jar:8.0.11]
	at com.mysql.cj.jdbc.ClientPreparedStatement.executeInternal(ClientPreparedStatement.java:960) ~[mysql-connector-java-8.0.11.jar:8.0.11]
	at com.mysql.cj.jdbc.ClientPreparedStatement.executeQuery(ClientPreparedStatement.java:1019) ~[mysql-connector-java-8.0.11.jar:8.0.11]
	at com.alibaba.druid.filter.FilterChainImpl.preparedStatement_executeQuery(FilterChainImpl.java:3240) ~[druid-1.1.21.jar:1.1.21]
	at com.alibaba.druid.filter.FilterEventAdapter.preparedStatement_executeQuery(FilterEventAdapter.java:465) [druid-1.1.21.jar:1.1.21]
	at com.alibaba.druid.filter.FilterChainImpl.preparedStatement_executeQuery(FilterChainImpl.java:3237) [druid-1.1.21.jar:1.1.21]
	at com.alibaba.druid.wall.WallFilter.preparedStatement_executeQuery(WallFilter.java:648) [druid-1.1.21.jar:1.1.21]
	at com.alibaba.druid.filter.FilterChainImpl.preparedStatement_executeQuery(FilterChainImpl.java:3237) [druid-1.1.21.jar:1.1.21]
	at com.alibaba.druid.filter.FilterEventAdapter.preparedStatement_executeQuery(FilterEventAdapter.java:465) [druid-1.1.21.jar:1.1.21]
	at com.alibaba.druid.filter.FilterChainImpl.preparedStatement_executeQuery(FilterChainImpl.java:3237) [druid-1.1.21.jar:1.1.21]
	at com.alibaba.druid.proxy.jdbc.PreparedStatementProxyImpl.executeQuery(PreparedStatementProxyImpl.java:181) [druid-1.1.21.jar:1.1.21]
	at com.alibaba.druid.pool.DruidPooledPreparedStatement.executeQuery(DruidPooledPreparedStatement.java:227) [druid-1.1.21.jar:1.1.21]
	at org.hibernate.engine.jdbc.internal.ResultSetReturnImpl.extract(ResultSetReturnImpl.java:60) [hibernate-core-5.2.17.Final.jar:5.2.17.Final]
	at org.hibernate.loader.Loader.getResultSet(Loader.java:2168) [hibernate-core-5.2.17.Final.jar:5.2.17.Final]
	at org.hibernate.loader.Loader.executeQueryStatement(Loader.java:1931) [hibernate-core-5.2.17.Final.jar:5.2.17.Final]
	at org.hibernate.loader.Loader.executeQueryStatement(Loader.java:1893) [hibernate-core-5.2.17.Final.jar:5.2.17.Final]
	at org.hibernate.loader.Loader.doQuery(Loader.java:938) [hibernate-core-5.2.17.Final.jar:5.2.17.Final]
	at org.hibernate.loader.Loader.doQueryAndInitializeNonLazyCollections(Loader.java:341) [hibernate-core-5.2.17.Final.jar:5.2.17.Final]
	at org.hibernate.loader.Loader.doList(Loader.java:2692) [hibernate-core-5.2.17.Final.jar:5.2.17.Final]
	at org.hibernate.loader.Loader.doList(Loader.java:2675) [hibernate-core-5.2.17.Final.jar:5.2.17.Final]
	at org.hibernate.loader.Loader.listIgnoreQueryCache(Loader.java:2507) [hibernate-core-5.2.17.Final.jar:5.2.17.Final]
	at org.hibernate.loader.Loader.list(Loader.java:2502) [hibernate-core-5.2.17.Final.jar:5.2.17.Final]
	at org.hibernate.loader.hql.QueryLoader.list(QueryLoader.java:502) [hibernate-core-5.2.17.Final.jar:5.2.17.Final]
	at org.hibernate.hql.internal.ast.QueryTranslatorImpl.list(QueryTranslatorImpl.java:392) [hibernate-core-5.2.17.Final.jar:5.2.17.Final]
	at org.hibernate.engine.query.spi.HQLQueryPlan.performList(HQLQueryPlan.java:216) [hibernate-core-5.2.17.Final.jar:5.2.17.Final]
	at org.hibernate.internal.SessionImpl.list(SessionImpl.java:1490) [hibernate-core-5.2.17.Final.jar:5.2.17.Final]
	at org.hibernate.query.internal.AbstractProducedQuery.doList(AbstractProducedQuery.java:1445) [hibernate-core-5.2.17.Final.jar:5.2.17.Final]
	at org.hibernate.query.internal.AbstractProducedQuery.list(AbstractProducedQuery.java:1414) [hibernate-core-5.2.17.Final.jar:5.2.17.Final]
	at org.hibernate.query.Query.getResultList(Query.java:146) [hibernate-core-5.2.17.Final.jar:5.2.17.Final]
	at com.union.app.dao.spi.AppDaoService.querySingleEntity(AppDaoService.java:55) [classes/:?]
	at com.union.app.service.pk.service.UserInfoService.查询收款码信息(UserInfoService.java:57) [classes/:?]
	at com.union.app.api.share.上传打赏的收钱码.uploadFeeCode(上传打赏的收钱码.java:55) [classes/:?]
	at com.union.app.api.share.上传打赏的收钱码$$FastClassBySpringCGLIB$$bd73d510.invoke(<generated>) [classes/:?]
	at org.springframework.cglib.proxy.MethodProxy.invoke(MethodProxy.java:204) [spring-core-5.0.10.RELEASE.jar:5.0.10.RELEASE]
	at org.springframework.aop.framework.CglibAopProxy$DynamicAdvisedInterceptor.intercept(CglibAopProxy.java:684) [spring-aop-5.0.10.RELEASE.jar:5.0.10.RELEASE]
	at com.union.app.api.share.上传打赏的收钱码$$EnhancerBySpringCGLIB$$efbff71.uploadFeeCode(<generated>) [classes/:?]
	at sun.reflect.NativeMethodAccessorImpl.invoke0(Native Method) ~[?:1.8.0_161]
	at sun.reflect.NativeMethodAccessorImpl.invoke(NativeMethodAccessorImpl.java:62) ~[?:1.8.0_161]
	at sun.reflect.DelegatingMethodAccessorImpl.invoke(DelegatingMethodAccessorImpl.java:43) ~[?:1.8.0_161]
	at java.lang.reflect.Method.invoke(Method.java:498) ~[?:1.8.0_161]
	at org.springframework.web.method.support.InvocableHandlerMethod.doInvoke(InvocableHandlerMethod.java:209) [spring-web-5.0.10.RELEASE.jar:5.0.10.RELEASE]
	at org.springframework.web.method.support.InvocableHandlerMethod.invokeForRequest(InvocableHandlerMethod.java:136) [spring-web-5.0.10.RELEASE.jar:5.0.10.RELEASE]
	at org.springframework.web.servlet.mvc.method.annotation.ServletInvocableHandlerMethod.invokeAndHandle(ServletInvocableHandlerMethod.java:102) [spring-webmvc-5.0.10.RELEASE.jar:5.0.10.RELEASE]
	at org.springframework.web.servlet.mvc.method.annotation.RequestMappingHandlerAdapter.invokeHandlerMethod(RequestMappingHandlerAdapter.java:891) [spring-webmvc-5.0.10.RELEASE.jar:5.0.10.RELEASE]
	at org.springframework.web.servlet.mvc.method.annotation.RequestMappingHandlerAdapter.handleInternal(RequestMappingHandlerAdapter.java:797) [spring-webmvc-5.0.10.RELEASE.jar:5.0.10.RELEASE]
	at org.springframework.web.servlet.mvc.method.AbstractHandlerMethodAdapter.handle(AbstractHandlerMethodAdapter.java:87) [spring-webmvc-5.0.10.RELEASE.jar:5.0.10.RELEASE]
	at org.springframework.web.servlet.DispatcherServlet.doDispatch(DispatcherServlet.java:991) [spring-webmvc-5.0.10.RELEASE.jar:5.0.10.RELEASE]
	at org.springframework.web.servlet.DispatcherServlet.doService(DispatcherServlet.java:925) [spring-webmvc-5.0.10.RELEASE.jar:5.0.10.RELEASE]
	at org.springframework.web.servlet.FrameworkServlet.processRequest(FrameworkServlet.java:974) [spring-webmvc-5.0.10.RELEASE.jar:5.0.10.RELEASE]
	at org.springframework.web.servlet.FrameworkServlet.doGet(FrameworkServlet.java:866) [spring-webmvc-5.0.10.RELEASE.jar:5.0.10.RELEASE]
	at javax.servlet.http.HttpServlet.service(HttpServlet.java:635) [tomcat-embed-core-8.5.34.jar:8.5.34]
	at org.springframework.web.servlet.FrameworkServlet.service(FrameworkServlet.java:851) [spring-webmvc-5.0.10.RELEASE.jar:5.0.10.RELEASE]
	at javax.servlet.http.HttpServlet.service(HttpServlet.java:742) [tomcat-embed-core-8.5.34.jar:8.5.34]
	at org.apache.catalina.core.ApplicationFilterChain.internalDoFilter(ApplicationFilterChain.java:231) [tomcat-embed-core-8.5.34.jar:8.5.34]
	at org.apache.catalina.core.ApplicationFilterChain.doFilter(ApplicationFilterChain.java:166) [tomcat-embed-core-8.5.34.jar:8.5.34]
	at org.apache.tomcat.websocket.server.WsFilter.doFilter(WsFilter.java:52) [tomcat-embed-websocket-8.5.34.jar:8.5.34]
	at org.apache.catalina.core.ApplicationFilterChain.internalDoFilter(ApplicationFilterChain.java:193) [tomcat-embed-core-8.5.34.jar:8.5.34]
	at org.apache.catalina.core.ApplicationFilterChain.doFilter(ApplicationFilterChain.java:166) [tomcat-embed-core-8.5.34.jar:8.5.34]
	at com.alibaba.druid.support.http.WebStatFilter.doFilter(WebStatFilter.java:124) [druid-1.1.21.jar:1.1.21]
	at org.apache.catalina.core.ApplicationFilterChain.internalDoFilter(ApplicationFilterChain.java:193) [tomcat-embed-core-8.5.34.jar:8.5.34]
	at org.apache.catalina.core.ApplicationFilterChain.doFilter(ApplicationFilterChain.java:166) [tomcat-embed-core-8.5.34.jar:8.5.34]
	at org.springframework.web.filter.RequestContextFilter.doFilterInternal(RequestContextFilter.java:99) [spring-web-5.0.10.RELEASE.jar:5.0.10.RELEASE]
	at org.springframework.web.filter.OncePerRequestFilter.doFilter(OncePerRequestFilter.java:107) [spring-web-5.0.10.RELEASE.jar:5.0.10.RELEASE]
	at org.apache.catalina.core.ApplicationFilterChain.internalDoFilter(ApplicationFilterChain.java:193) [tomcat-embed-core-8.5.34.jar:8.5.34]
	at org.apache.catalina.core.ApplicationFilterChain.doFilter(ApplicationFilterChain.java:166) [tomcat-embed-core-8.5.34.jar:8.5.34]
	at org.springframework.web.filter.HttpPutFormContentFilter.doFilterInternal(HttpPutFormContentFilter.java:109) [spring-web-5.0.10.RELEASE.jar:5.0.10.RELEASE]
	at org.springframework.web.filter.OncePerRequestFilter.doFilter(OncePerRequestFilter.java:107) [spring-web-5.0.10.RELEASE.jar:5.0.10.RELEASE]
	at org.apache.catalina.core.ApplicationFilterChain.internalDoFilter(ApplicationFilterChain.java:193) [tomcat-embed-core-8.5.34.jar:8.5.34]
	at org.apache.catalina.core.ApplicationFilterChain.doFilter(ApplicationFilterChain.java:166) [tomcat-embed-core-8.5.34.jar:8.5.34]
	at org.springframework.web.filter.HiddenHttpMethodFilter.doFilterInternal(HiddenHttpMethodFilter.java:93) [spring-web-5.0.10.RELEASE.jar:5.0.10.RELEASE]
	at org.springframework.web.filter.OncePerRequestFilter.doFilter(OncePerRequestFilter.java:107) [spring-web-5.0.10.RELEASE.jar:5.0.10.RELEASE]
	at org.apache.catalina.core.ApplicationFilterChain.internalDoFilter(ApplicationFilterChain.java:193) [tomcat-embed-core-8.5.34.jar:8.5.34]
	at org.apache.catalina.core.ApplicationFilterChain.doFilter(ApplicationFilterChain.java:166) [tomcat-embed-core-8.5.34.jar:8.5.34]
	at org.springframework.web.filter.CharacterEncodingFilter.doFilterInternal(CharacterEncodingFilter.java:200) [spring-web-5.0.10.RELEASE.jar:5.0.10.RELEASE]
	at org.springframework.web.filter.OncePerRequestFilter.doFilter(OncePerRequestFilter.java:107) [spring-web-5.0.10.RELEASE.jar:5.0.10.RELEASE]
	at org.apache.catalina.core.ApplicationFilterChain.internalDoFilter(ApplicationFilterChain.java:193) [tomcat-embed-core-8.5.34.jar:8.5.34]
	at org.apache.catalina.core.ApplicationFilterChain.doFilter(ApplicationFilterChain.java:166) [tomcat-embed-core-8.5.34.jar:8.5.34]
	at org.apache.catalina.core.StandardWrapperValve.invoke(StandardWrapperValve.java:198) [tomcat-embed-core-8.5.34.jar:8.5.34]
	at org.apache.catalina.core.StandardContextValve.invoke(StandardContextValve.java:96) [tomcat-embed-core-8.5.34.jar:8.5.34]
	at org.apache.catalina.authenticator.AuthenticatorBase.invoke(AuthenticatorBase.java:493) [tomcat-embed-core-8.5.34.jar:8.5.34]
	at org.apache.catalina.core.StandardHostValve.invoke(StandardHostValve.java:140) [tomcat-embed-core-8.5.34.jar:8.5.34]
	at org.apache.catalina.valves.ErrorReportValve.invoke(ErrorReportValve.java:81) [tomcat-embed-core-8.5.34.jar:8.5.34]
	at org.apache.catalina.core.StandardEngineValve.invoke(StandardEngineValve.java:87) [tomcat-embed-core-8.5.34.jar:8.5.34]
	at org.apache.catalina.connector.CoyoteAdapter.service(CoyoteAdapter.java:342) [tomcat-embed-core-8.5.34.jar:8.5.34]
	at org.apache.coyote.http11.Http11Processor.service(Http11Processor.java:800) [tomcat-embed-core-8.5.34.jar:8.5.34]
	at org.apache.coyote.AbstractProcessorLight.process(AbstractProcessorLight.java:66) [tomcat-embed-core-8.5.34.jar:8.5.34]
	at org.apache.coyote.AbstractProtocol$ConnectionHandler.process(AbstractProtocol.java:806) [tomcat-embed-core-8.5.34.jar:8.5.34]
	at org.apache.tomcat.util.net.NioEndpoint$SocketProcessor.doRun(NioEndpoint.java:1498) [tomcat-embed-core-8.5.34.jar:8.5.34]
	at org.apache.tomcat.util.net.SocketProcessorBase.run(SocketProcessorBase.java:49) [tomcat-embed-core-8.5.34.jar:8.5.34]
	at java.util.concurrent.ThreadPoolExecutor.runWorker(ThreadPoolExecutor.java:1149) [?:1.8.0_161]
	at java.util.concurrent.ThreadPoolExecutor$Worker.run(ThreadPoolExecutor.java:624) [?:1.8.0_161]
	at org.apache.tomcat.util.threads.TaskThread$WrappingRunnable.run(TaskThread.java:61) [tomcat-embed-core-8.5.34.jar:8.5.34]
	at java.lang.Thread.run(Thread.java:748) [?:1.8.0_161]
