[16:06:21:646]|[DEBUG]|com.union.app.dao.spi.filter.EntityFilterChain|<init>|sqlUniqued|8335fbf1-2a20-4e23-b75a-81aa772aa5fc|ACTION|new Filter Chain
[16:06:21:858]|[DEBUG]|com.union.app.dao.spi.filter.EntityFilterChain|compareFilter|sqlUniqued|8335fbf1-2a20-4e23-b75a-81aa772aa5fc|ACTION|add CompareFilter|colum=pkId|symbol==|value=PK01
[16:06:21:859]|[DEBUG]|com.union.app.dao.spi.filter.EntityFilterChain|andFilter|sqlUniqued|8335fbf1-2a20-4e23-b75a-81aa772aa5fc|add AndFilter
[16:06:21:860]|[DEBUG]|com.union.app.dao.spi.filter.EntityFilterChain|compareFilter|sqlUniqued|8335fbf1-2a20-4e23-b75a-81aa772aa5fc|ACTION|add CompareFilter|colum=userId|symbol==|value=ozm2e4r6IgyVMlA6goFt7AbB3wVw
[16:06:21:861]|[INFO]|com.union.app.dao.spi.AppDaoService|querySingleEntity|sqlUniqued|8335fbf1-2a20-4e23-b75a-81aa772aa5fc|ACTION|querySingleEntity
[16:06:21:861]|[DEBUG]|com.union.app.dao.spi.filter.EntityFilterChain|getQuery|sqlUniqued|8335fbf1-2a20-4e23-b75a-81aa772aa5fc|ACTION|get JPQL|JPQL=select p from UserPostEntity p  where p.pkId=:pkId3090713333436796337 and p.userId=:userIdA2720066469867928781
[16:06:21:862]|[DEBUG]|com.union.app.dao.spi.AppDaoService|querySingleEntity|sqlUniqued|8335fbf1-2a20-4e23-b75a-81aa772aa5fc|ACTION|SET-PARAM|paramName=pkId3090713333436796337|paramValue=PK01
[16:06:21:862]|[DEBUG]|com.union.app.dao.spi.AppDaoService|querySingleEntity|sqlUniqued|8335fbf1-2a20-4e23-b75a-81aa772aa5fc|ACTION|SET-PARAM|paramName=userIdA2720066469867928781|paramValue=ozm2e4r6IgyVMlA6goFt7AbB3wVw
[16:06:21:866]|[DEBUG]|com.union.app.dao.spi.filter.EntityFilterChain|<init>|sqlUniqued|e4fc9999-2da3-4682-b861-07e8d619b667|ACTION|new Filter Chain
[16:06:21:866]|[DEBUG]|com.union.app.dao.spi.filter.EntityFilterChain|compareFilter|sqlUniqued|e4fc9999-2da3-4682-b861-07e8d619b667|ACTION|add CompareFilter|colum=postId|symbol==|value=14ab9a6a-1682-4212-b90b-cb44a8816c51
[16:06:21:867]|[INFO]|com.union.app.dao.spi.AppDaoService|querySingleEntity|sqlUniqued|e4fc9999-2da3-4682-b861-07e8d619b667|ACTION|querySingleEntity
[16:06:21:867]|[DEBUG]|com.union.app.dao.spi.filter.EntityFilterChain|getQuery|sqlUniqued|e4fc9999-2da3-4682-b861-07e8d619b667|ACTION|get JPQL|JPQL=select p from PostEntity p  where p.postId=:postIdA6237723203108584011
[16:06:21:869]|[DEBUG]|com.union.app.dao.spi.AppDaoService|querySingleEntity|sqlUniqued|e4fc9999-2da3-4682-b861-07e8d619b667|ACTION|SET-PARAM|paramName=postIdA6237723203108584011|paramValue=14ab9a6a-1682-4212-b90b-cb44a8816c51
[16:06:21:875]|[DEBUG]|com.union.app.dao.spi.filter.EntityFilterChain|<init>|sqlUniqued|d8335f0d-a42a-4456-8bad-b2b6292fcefe|ACTION|new Filter Chain
[16:06:21:875]|[DEBUG]|com.union.app.dao.spi.filter.EntityFilterChain|compareFilter|sqlUniqued|d8335f0d-a42a-4456-8bad-b2b6292fcefe|ACTION|add CompareFilter|colum=userId|symbol==|value=ozm2e4r6IgyVMlA6goFt7AbB3wVw
[16:06:21:876]|[INFO]|com.union.app.dao.spi.AppDaoService|querySingleEntity|sqlUniqued|d8335f0d-a42a-4456-8bad-b2b6292fcefe|ACTION|querySingleEntity
[16:06:21:876]|[DEBUG]|com.union.app.dao.spi.filter.EntityFilterChain|getQuery|sqlUniqued|d8335f0d-a42a-4456-8bad-b2b6292fcefe|ACTION|get JPQL|JPQL=select p from UserEntity p  where p.userId=:userIdA2835220271096510574
[16:06:21:877]|[DEBUG]|com.union.app.dao.spi.AppDaoService|querySingleEntity|sqlUniqued|d8335f0d-a42a-4456-8bad-b2b6292fcefe|ACTION|SET-PARAM|paramName=userIdA2835220271096510574|paramValue=ozm2e4r6IgyVMlA6goFt7AbB3wVw
[16:06:21:880]|[DEBUG]|com.union.app.dao.spi.filter.EntityFilterChain|<init>|sqlUniqued|aae76276-3d19-4bc9-846a-17912a944c1b|ACTION|new Filter Chain
[16:06:21:880]|[DEBUG]|com.union.app.dao.spi.filter.EntityFilterChain|compareFilter|sqlUniqued|aae76276-3d19-4bc9-846a-17912a944c1b|ACTION|add CompareFilter|colum=postId|symbol==|value=14ab9a6a-1682-4212-b90b-cb44a8816c51
[16:06:21:881]|[DEBUG]|com.union.app.dao.spi.filter.EntityFilterChain|andFilter|sqlUniqued|aae76276-3d19-4bc9-846a-17912a944c1b|add AndFilter
[16:06:21:881]|[DEBUG]|com.union.app.dao.spi.filter.EntityFilterChain|compareFilter|sqlUniqued|aae76276-3d19-4bc9-846a-17912a944c1b|ACTION|add CompareFilter|colum=pkId|symbol==|value=PK01
[16:06:21:881]|[INFO]|com.union.app.dao.spi.AppDaoService|queryEntities|sqlUniqued|aae76276-3d19-4bc9-846a-17912a944c1b|ACTION|queryEntities
[16:06:21:882]|[DEBUG]|com.union.app.dao.spi.filter.EntityFilterChain|getQuery|sqlUniqued|aae76276-3d19-4bc9-846a-17912a944c1b|ACTION|get JPQL|JPQL=select p from PostImageEntity p  where p.postId=:postId5107919226034275735 and p.pkId=:pkIdA8673155906368680857
[16:06:21:882]|[DEBUG]|com.union.app.dao.spi.AppDaoService|queryEntities|sqlUniqued|aae76276-3d19-4bc9-846a-17912a944c1b|ACTION|SET-PARAM|paramName=postId5107919226034275735|paramValue=14ab9a6a-1682-4212-b90b-cb44a8816c51
[16:06:21:883]|[DEBUG]|com.union.app.dao.spi.AppDaoService|queryEntities|sqlUniqued|aae76276-3d19-4bc9-846a-17912a944c1b|ACTION|SET-PARAM|paramName=pkIdA8673155906368680857|paramValue=PK01
[16:06:24:802]|[DEBUG]|com.union.app.dao.spi.filter.EntityFilterChain|<init>|sqlUniqued|bd6f41af-278b-47d9-b21c-45a267425694|ACTION|new Filter Chain
[16:06:24:803]|[DEBUG]|com.union.app.dao.spi.filter.EntityFilterChain|compareFilter|sqlUniqued|bd6f41af-278b-47d9-b21c-45a267425694|ACTION|add CompareFilter|colum=pkId|symbol==|value=PK01
[16:06:24:803]|[DEBUG]|com.union.app.dao.spi.filter.EntityFilterChain|andFilter|sqlUniqued|bd6f41af-278b-47d9-b21c-45a267425694|add AndFilter
[16:06:24:803]|[DEBUG]|com.union.app.dao.spi.filter.EntityFilterChain|compareFilter|sqlUniqued|bd6f41af-278b-47d9-b21c-45a267425694|ACTION|add CompareFilter|colum=userId|symbol==|value=ozm2e4r6IgyVMlA6goFt7AbB3wVw
[16:06:24:804]|[INFO]|com.union.app.dao.spi.AppDaoService|querySingleEntity|sqlUniqued|bd6f41af-278b-47d9-b21c-45a267425694|ACTION|querySingleEntity
[16:06:24:804]|[DEBUG]|com.union.app.dao.spi.filter.EntityFilterChain|getQuery|sqlUniqued|bd6f41af-278b-47d9-b21c-45a267425694|ACTION|get JPQL|JPQL=select p from UserPostEntity p  where p.pkId=:pkIdA5144211771430648441 and p.userId=:userId3867929456575989757
[16:06:24:805]|[DEBUG]|com.union.app.dao.spi.AppDaoService|querySingleEntity|sqlUniqued|bd6f41af-278b-47d9-b21c-45a267425694|ACTION|SET-PARAM|paramName=userId3867929456575989757|paramValue=ozm2e4r6IgyVMlA6goFt7AbB3wVw
[16:06:24:805]|[DEBUG]|com.union.app.dao.spi.AppDaoService|querySingleEntity|sqlUniqued|bd6f41af-278b-47d9-b21c-45a267425694|ACTION|SET-PARAM|paramName=pkIdA5144211771430648441|paramValue=PK01
[16:06:24:808]|[DEBUG]|com.union.app.dao.spi.filter.EntityFilterChain|<init>|sqlUniqued|94f90bec-5d83-44ba-aa51-46125803af5b|ACTION|new Filter Chain
[16:06:24:809]|[DEBUG]|com.union.app.dao.spi.filter.EntityFilterChain|compareFilter|sqlUniqued|94f90bec-5d83-44ba-aa51-46125803af5b|ACTION|add CompareFilter|colum=postId|symbol==|value=14ab9a6a-1682-4212-b90b-cb44a8816c51
[16:06:24:809]|[INFO]|com.union.app.dao.spi.AppDaoService|querySingleEntity|sqlUniqued|94f90bec-5d83-44ba-aa51-46125803af5b|ACTION|querySingleEntity
[16:06:24:810]|[DEBUG]|com.union.app.dao.spi.filter.EntityFilterChain|getQuery|sqlUniqued|94f90bec-5d83-44ba-aa51-46125803af5b|ACTION|get JPQL|JPQL=select p from PostEntity p  where p.postId=:postIdA1528547177813096551
[16:06:24:810]|[DEBUG]|com.union.app.dao.spi.AppDaoService|querySingleEntity|sqlUniqued|94f90bec-5d83-44ba-aa51-46125803af5b|ACTION|SET-PARAM|paramName=postIdA1528547177813096551|paramValue=14ab9a6a-1682-4212-b90b-cb44a8816c51
[16:06:24:816]|[DEBUG]|com.union.app.dao.spi.filter.EntityFilterChain|<init>|sqlUniqued|77029434-3e3b-4a1a-93e7-e389dc979d04|ACTION|new Filter Chain
[16:06:24:816]|[DEBUG]|com.union.app.dao.spi.filter.EntityFilterChain|compareFilter|sqlUniqued|77029434-3e3b-4a1a-93e7-e389dc979d04|ACTION|add CompareFilter|colum=userId|symbol==|value=ozm2e4r6IgyVMlA6goFt7AbB3wVw
[16:06:24:817]|[INFO]|com.union.app.dao.spi.AppDaoService|querySingleEntity|sqlUniqued|77029434-3e3b-4a1a-93e7-e389dc979d04|ACTION|querySingleEntity
[16:06:24:817]|[DEBUG]|com.union.app.dao.spi.filter.EntityFilterChain|getQuery|sqlUniqued|77029434-3e3b-4a1a-93e7-e389dc979d04|ACTION|get JPQL|JPQL=select p from UserEntity p  where p.userId=:userId4583895357717956286
[16:06:24:818]|[DEBUG]|com.union.app.dao.spi.AppDaoService|querySingleEntity|sqlUniqued|77029434-3e3b-4a1a-93e7-e389dc979d04|ACTION|SET-PARAM|paramName=userId4583895357717956286|paramValue=ozm2e4r6IgyVMlA6goFt7AbB3wVw
[16:06:24:820]|[DEBUG]|com.union.app.dao.spi.filter.EntityFilterChain|<init>|sqlUniqued|03901968-4d46-405b-bba8-f22cf777ba39|ACTION|new Filter Chain
[16:06:24:820]|[DEBUG]|com.union.app.dao.spi.filter.EntityFilterChain|compareFilter|sqlUniqued|03901968-4d46-405b-bba8-f22cf777ba39|ACTION|add CompareFilter|colum=postId|symbol==|value=14ab9a6a-1682-4212-b90b-cb44a8816c51
[16:06:24:821]|[DEBUG]|com.union.app.dao.spi.filter.EntityFilterChain|andFilter|sqlUniqued|03901968-4d46-405b-bba8-f22cf777ba39|add AndFilter
[16:06:24:821]|[DEBUG]|com.union.app.dao.spi.filter.EntityFilterChain|compareFilter|sqlUniqued|03901968-4d46-405b-bba8-f22cf777ba39|ACTION|add CompareFilter|colum=pkId|symbol==|value=PK01
[16:06:24:821]|[INFO]|com.union.app.dao.spi.AppDaoService|queryEntities|sqlUniqued|03901968-4d46-405b-bba8-f22cf777ba39|ACTION|queryEntities
[16:06:24:821]|[DEBUG]|com.union.app.dao.spi.filter.EntityFilterChain|getQuery|sqlUniqued|03901968-4d46-405b-bba8-f22cf777ba39|ACTION|get JPQL|JPQL=select p from PostImageEntity p  where p.postId=:postId4293243998454041355 and p.pkId=:pkIdA8289806739285785364
[16:06:24:822]|[DEBUG]|com.union.app.dao.spi.AppDaoService|queryEntities|sqlUniqued|03901968-4d46-405b-bba8-f22cf777ba39|ACTION|SET-PARAM|paramName=postId4293243998454041355|paramValue=14ab9a6a-1682-4212-b90b-cb44a8816c51
[16:06:24:822]|[DEBUG]|com.union.app.dao.spi.AppDaoService|queryEntities|sqlUniqued|03901968-4d46-405b-bba8-f22cf777ba39|ACTION|SET-PARAM|paramName=pkIdA8289806739285785364|paramValue=PK01
[16:06:28:556]|[DEBUG]|com.union.app.dao.spi.filter.EntityFilterChain|<init>|sqlUniqued|6df52922-0236-496d-93f0-e35aa3d113af|ACTION|new Filter Chain
[16:06:28:568]|[DEBUG]|com.union.app.dao.spi.filter.EntityFilterChain|compareFilter|sqlUniqued|6df52922-0236-496d-93f0-e35aa3d113af|ACTION|add CompareFilter|colum=configName|symbol==|value=OSS-BASE-URL
[16:06:28:570]|[INFO]|com.union.app.dao.spi.AppDaoService|querySingleEntity|sqlUniqued|6df52922-0236-496d-93f0-e35aa3d113af|ACTION|querySingleEntity
[16:06:28:571]|[DEBUG]|com.union.app.dao.spi.filter.EntityFilterChain|getQuery|sqlUniqued|6df52922-0236-496d-93f0-e35aa3d113af|ACTION|get JPQL|JPQL=select p from ConfigEntity p  where p.configName=:configName6470499092260407016
[16:06:29:098]|[DEBUG]|com.union.app.dao.spi.AppDaoService|querySingleEntity|sqlUniqued|6df52922-0236-496d-93f0-e35aa3d113af|ACTION|SET-PARAM|paramName=configName6470499092260407016|paramValue=OSS-BASE-URL
[16:06:29:880]|[DEBUG]|com.union.app.dao.spi.filter.EntityFilterChain|<init>|sqlUniqued|c5cb2845-c20c-42d0-aa62-fe7614001a34|ACTION|new Filter Chain
[16:06:29:880]|[DEBUG]|com.union.app.dao.spi.filter.EntityFilterChain|compareFilter|sqlUniqued|c5cb2845-c20c-42d0-aa62-fe7614001a34|ACTION|add CompareFilter|colum=configName|symbol==|value=OSS-BUKET-NAME
[16:06:29:881]|[INFO]|com.union.app.dao.spi.AppDaoService|querySingleEntity|sqlUniqued|c5cb2845-c20c-42d0-aa62-fe7614001a34|ACTION|querySingleEntity
[16:06:29:881]|[DEBUG]|com.union.app.dao.spi.filter.EntityFilterChain|getQuery|sqlUniqued|c5cb2845-c20c-42d0-aa62-fe7614001a34|ACTION|get JPQL|JPQL=select p from ConfigEntity p  where p.configName=:configNameA7939162678568271524
[16:06:29:885]|[DEBUG]|com.union.app.dao.spi.AppDaoService|querySingleEntity|sqlUniqued|c5cb2845-c20c-42d0-aa62-fe7614001a34|ACTION|SET-PARAM|paramName=configNameA7939162678568271524|paramValue=OSS-BUKET-NAME
[16:06:36:522]|[DEBUG]|com.union.app.dao.spi.filter.EntityFilterChain|<init>|sqlUniqued|e74c512a-7a14-4825-8637-d835ad47e98c|ACTION|new Filter Chain
[16:06:36:522]|[DEBUG]|com.union.app.dao.spi.filter.EntityFilterChain|compareFilter|sqlUniqued|e74c512a-7a14-4825-8637-d835ad47e98c|ACTION|add CompareFilter|colum=configName|symbol==|value=name1
[16:06:36:522]|[INFO]|com.union.app.dao.spi.AppDaoService|queryEntities|sqlUniqued|e74c512a-7a14-4825-8637-d835ad47e98c|ACTION|queryEntities
[16:06:36:523]|[DEBUG]|com.union.app.dao.spi.filter.EntityFilterChain|getQuery|sqlUniqued|e74c512a-7a14-4825-8637-d835ad47e98c|ACTION|get JPQL|JPQL=select p from ConfigEntity p  where p.configName=:configNameA7503838855074198832
[16:06:36:525]|[DEBUG]|com.union.app.dao.spi.AppDaoService|queryEntities|sqlUniqued|e74c512a-7a14-4825-8637-d835ad47e98c|ACTION|SET-PARAM|paramName=configNameA7503838855074198832|paramValue=name1
[16:06:36:564]|[DEBUG]|com.union.app.dao.spi.filter.EntityFilterChain|<init>|sqlUniqued|728c7e28-74fc-4e50-b6cc-75c7d21a8f37|ACTION|new Filter Chain
[16:06:36:565]|[DEBUG]|com.union.app.dao.spi.filter.EntityFilterChain|compareFilter|sqlUniqued|728c7e28-74fc-4e50-b6cc-75c7d21a8f37|ACTION|add CompareFilter|colum=configName|symbol==|value=name2
[16:06:36:566]|[INFO]|com.union.app.dao.spi.AppDaoService|queryEntities|sqlUniqued|728c7e28-74fc-4e50-b6cc-75c7d21a8f37|ACTION|queryEntities
[16:06:36:567]|[DEBUG]|com.union.app.dao.spi.filter.EntityFilterChain|getQuery|sqlUniqued|728c7e28-74fc-4e50-b6cc-75c7d21a8f37|ACTION|get JPQL|JPQL=select p from ConfigEntity p  where p.configName=:configNameA5437393298111836470
[16:06:36:569]|[DEBUG]|com.union.app.dao.spi.AppDaoService|queryEntities|sqlUniqued|728c7e28-74fc-4e50-b6cc-75c7d21a8f37|ACTION|SET-PARAM|paramName=configNameA5437393298111836470|paramValue=name2
[16:06:36:584]|[DEBUG]|com.union.app.dao.spi.filter.EntityFilterChain|<init>|sqlUniqued|a7a52d9f-f30e-4c05-8511-42b7dc9c7b02|ACTION|new Filter Chain
[16:06:36:585]|[DEBUG]|com.union.app.dao.spi.filter.EntityFilterChain|compareFilter|sqlUniqued|a7a52d9f-f30e-4c05-8511-42b7dc9c7b02|ACTION|add CompareFilter|colum=configName|symbol==|value=name3
[16:06:36:585]|[INFO]|com.union.app.dao.spi.AppDaoService|queryEntities|sqlUniqued|a7a52d9f-f30e-4c05-8511-42b7dc9c7b02|ACTION|queryEntities
[16:06:36:586]|[DEBUG]|com.union.app.dao.spi.filter.EntityFilterChain|getQuery|sqlUniqued|a7a52d9f-f30e-4c05-8511-42b7dc9c7b02|ACTION|get JPQL|JPQL=select p from ConfigEntity p  where p.configName=:configName6405092529144415195
[16:06:36:588]|[DEBUG]|com.union.app.dao.spi.AppDaoService|queryEntities|sqlUniqued|a7a52d9f-f30e-4c05-8511-42b7dc9c7b02|ACTION|SET-PARAM|paramName=configName6405092529144415195|paramValue=name3
[16:06:36:591]|[DEBUG]|com.union.app.dao.spi.filter.EntityFilterChain|<init>|sqlUniqued|3bd70787-1205-4f63-9e50-46b156b2c894|ACTION|new Filter Chain
[16:06:36:592]|[DEBUG]|com.union.app.dao.spi.filter.EntityFilterChain|compareFilter|sqlUniqued|3bd70787-1205-4f63-9e50-46b156b2c894|ACTION|add CompareFilter|colum=configName|symbol==|value=name4
